  [1m[35m (248.1ms)[0m  [1m[35mCREATE DATABASE "RPGManager_development" ENCODING = 'unicode'[0m
  [1m[35m (107.8ms)[0m  [1m[35mCREATE DATABASE "RPGManager_test" ENCODING = 'unicode'[0m
  [1m[35m (1.6ms)[0m  [1m[35mCREATE DATABASE "RPGManager_development" ENCODING = 'unicode'[0m
  [1m[35m (0.7ms)[0m  [1m[35mCREATE DATABASE "RPGManager_test" ENCODING = 'unicode'[0m
  [1m[35m (28.0ms)[0m  [1m[35mCREATE TABLE "schema_migrations" ("version" character varying NOT NULL PRIMARY KEY)[0m
  [1m[35m (2.9ms)[0m  [1m[35mCREATE TABLE "ar_internal_metadata" ("key" character varying NOT NULL PRIMARY KEY, "value" character varying, "created_at" timestamp(6) NOT NULL, "updated_at" timestamp(6) NOT NULL)[0m
  [1m[35m (0.6ms)[0m  [1m[34mSELECT pg_try_advisory_lock(6321400324635148515)[0m
  [1m[36mActiveRecord::SchemaMigration Pluck (0.9ms)[0m  [1m[34mSELECT "schema_migrations"."version" FROM "schema_migrations" ORDER BY "schema_migrations"."version" ASC[0m
  [1m[36mActiveRecord::InternalMetadata Load (0.4ms)[0m  [1m[34mSELECT "ar_internal_metadata".* FROM "ar_internal_metadata" WHERE "ar_internal_metadata"."key" = $1 LIMIT $2[0m  [["key", "environment"], ["LIMIT", 1]]
  [1m[36mTRANSACTION (0.1ms)[0m  [1m[35mBEGIN[0m
  [1m[36mActiveRecord::InternalMetadata Create (1.5ms)[0m  [1m[32mINSERT INTO "ar_internal_metadata" ("key", "value", "created_at", "updated_at") VALUES ($1, $2, $3, $4) RETURNING "key"[0m  [["key", "environment"], ["value", "development"], ["created_at", "2023-07-28 15:25:41.303483"], ["updated_at", "2023-07-28 15:25:41.303483"]]
  [1m[36mTRANSACTION (4.7ms)[0m  [1m[35mCOMMIT[0m
  [1m[35m (0.6ms)[0m  [1m[34mSELECT pg_advisory_unlock(6321400324635148515)[0m
  [1m[36mActiveRecord::SchemaMigration Pluck (0.5ms)[0m  [1m[34mSELECT "schema_migrations"."version" FROM "schema_migrations" ORDER BY "schema_migrations"."version" ASC[0m
Started GET "/" for ::1 at 2023-07-28 16:26:10 +0100
  [1m[36mActiveRecord::SchemaMigration Pluck (0.6ms)[0m  [1m[34mSELECT "schema_migrations"."version" FROM "schema_migrations" ORDER BY "schema_migrations"."version" ASC[0m
Processing by Rails::WelcomeController#index as HTML
  Rendering /Users/roby/.rvm/gems/ruby-3.1.0/gems/railties-7.0.6/lib/rails/templates/rails/welcome/index.html.erb
  Rendered /Users/roby/.rvm/gems/ruby-3.1.0/gems/railties-7.0.6/lib/rails/templates/rails/welcome/index.html.erb (Duration: 3.8ms | Allocations: 637)
Completed 200 OK in 79ms (Views: 11.8ms | ActiveRecord: 0.0ms | Allocations: 7117)


Started GET "/" for ::1 at 2023-07-28 16:27:32 +0100
Processing by Rails::WelcomeController#index as HTML
  Rendering /Users/roby/.rvm/gems/ruby-3.1.0/gems/railties-7.0.6/lib/rails/templates/rails/welcome/index.html.erb
  Rendered /Users/roby/.rvm/gems/ruby-3.1.0/gems/railties-7.0.6/lib/rails/templates/rails/welcome/index.html.erb (Duration: 1.5ms | Allocations: 296)
Completed 200 OK in 8ms (Views: 6.4ms | ActiveRecord: 0.0ms | Allocations: 1091)


Started GET "/" for ::1 at 2023-07-28 16:31:14 +0100
  
ActionController::RoutingError (uninitialized constant HomeController

      Object.const_get(camel_cased_word)
            ^^^^^^^^^^

            raise MissingController.new(error.message, error.name)
            ^^^^^):
  
Started GET "/" for ::1 at 2023-07-28 16:31:33 +0100
  
ArgumentError (Missing :controller key on routes definition, please check your routes.):
  
config/routes.rb:5:in `block in <main>'
config/routes.rb:1:in `<main>'
Started GET "/" for ::1 at 2023-07-28 16:34:55 +0100
  
ArgumentError (Missing :controller key on routes definition, please check your routes.):
  
config/routes.rb:5:in `block in <main>'
config/routes.rb:1:in `<main>'
Started GET "/" for ::1 at 2023-07-28 16:34:58 +0100
  
ActionController::RoutingError (No route matches [GET] "/"):
  
Started GET "/" for ::1 at 2023-07-28 16:34:59 +0100
  
ActionController::RoutingError (No route matches [GET] "/"):
  
Started GET "/" for ::1 at 2023-07-28 16:36:37 +0100
Processing by Rails::WelcomeController#index as HTML
  Rendering /Users/roby/.rvm/gems/ruby-3.1.0/gems/railties-7.0.6/lib/rails/templates/rails/welcome/index.html.erb
  Rendered /Users/roby/.rvm/gems/ruby-3.1.0/gems/railties-7.0.6/lib/rails/templates/rails/welcome/index.html.erb (Duration: 1.7ms | Allocations: 295)
Completed 200 OK in 5ms (Views: 3.2ms | ActiveRecord: 0.0ms | Allocations: 1039)


Started GET "/" for ::1 at 2023-07-28 16:37:47 +0100
  
ActionController::RoutingError (uninitialized constant HomeController

      Object.const_get(camel_cased_word)
            ^^^^^^^^^^

            raise MissingController.new(error.message, error.name)
            ^^^^^):
  
Started GET "/" for ::1 at 2023-07-28 16:39:14 +0100
Processing by HomeController#index as HTML
Completed 406 Not Acceptable in 2ms (ActiveRecord: 0.0ms | Allocations: 842)


  
ActionController::MissingExactTemplate (HomeController#index is missing a template for request formats: text/html):
  
actionpack (7.0.6) lib/action_controller/metal/implicit_render.rb:45:in `default_render'
actionpack (7.0.6) lib/action_controller/metal/basic_implicit_render.rb:7:in `send_action'
actionpack (7.0.6) lib/abstract_controller/base.rb:215:in `process_action'
actionpack (7.0.6) lib/action_controller/metal/rendering.rb:165:in `process_action'
actionpack (7.0.6) lib/abstract_controller/callbacks.rb:234:in `block in process_action'
activesupport (7.0.6) lib/active_support/callbacks.rb:118:in `block in run_callbacks'
actiontext (7.0.6) lib/action_text/rendering.rb:20:in `with_renderer'
actiontext (7.0.6) lib/action_text/engine.rb:69:in `block (4 levels) in <class:Engine>'
activesupport (7.0.6) lib/active_support/callbacks.rb:127:in `instance_exec'
activesupport (7.0.6) lib/active_support/callbacks.rb:127:in `block in run_callbacks'
activesupport (7.0.6) lib/active_support/callbacks.rb:138:in `run_callbacks'
actionpack (7.0.6) lib/abstract_controller/callbacks.rb:233:in `process_action'
actionpack (7.0.6) lib/action_controller/metal/rescue.rb:23:in `process_action'
actionpack (7.0.6) lib/action_controller/metal/instrumentation.rb:67:in `block in process_action'
activesupport (7.0.6) lib/active_support/notifications.rb:206:in `block in instrument'
activesupport (7.0.6) lib/active_support/notifications/instrumenter.rb:24:in `instrument'
activesupport (7.0.6) lib/active_support/notifications.rb:206:in `instrument'
actionpack (7.0.6) lib/action_controller/metal/instrumentation.rb:66:in `process_action'
actionpack (7.0.6) lib/action_controller/metal/params_wrapper.rb:259:in `process_action'
activerecord (7.0.6) lib/active_record/railties/controller_runtime.rb:27:in `process_action'
actionpack (7.0.6) lib/abstract_controller/base.rb:151:in `process'
actionview (7.0.6) lib/action_view/rendering.rb:39:in `process'
actionpack (7.0.6) lib/action_controller/metal.rb:188:in `dispatch'
actionpack (7.0.6) lib/action_controller/metal.rb:251:in `dispatch'
actionpack (7.0.6) lib/action_dispatch/routing/route_set.rb:49:in `dispatch'
actionpack (7.0.6) lib/action_dispatch/routing/route_set.rb:32:in `serve'
actionpack (7.0.6) lib/action_dispatch/journey/router.rb:50:in `block in serve'
actionpack (7.0.6) lib/action_dispatch/journey/router.rb:32:in `each'
actionpack (7.0.6) lib/action_dispatch/journey/router.rb:32:in `serve'
actionpack (7.0.6) lib/action_dispatch/routing/route_set.rb:852:in `call'
rack (2.2.7) lib/rack/tempfile_reaper.rb:15:in `call'
rack (2.2.7) lib/rack/etag.rb:27:in `call'
rack (2.2.7) lib/rack/conditional_get.rb:27:in `call'
rack (2.2.7) lib/rack/head.rb:12:in `call'
actionpack (7.0.6) lib/action_dispatch/http/permissions_policy.rb:38:in `call'
actionpack (7.0.6) lib/action_dispatch/http/content_security_policy.rb:36:in `call'
rack (2.2.7) lib/rack/session/abstract/id.rb:266:in `context'
rack (2.2.7) lib/rack/session/abstract/id.rb:260:in `call'
actionpack (7.0.6) lib/action_dispatch/middleware/cookies.rb:704:in `call'
activerecord (7.0.6) lib/active_record/migration.rb:603:in `call'
actionpack (7.0.6) lib/action_dispatch/middleware/callbacks.rb:27:in `block in call'
activesupport (7.0.6) lib/active_support/callbacks.rb:99:in `run_callbacks'
actionpack (7.0.6) lib/action_dispatch/middleware/callbacks.rb:26:in `call'
actionpack (7.0.6) lib/action_dispatch/middleware/executor.rb:14:in `call'
actionpack (7.0.6) lib/action_dispatch/middleware/actionable_exceptions.rb:17:in `call'
actionpack (7.0.6) lib/action_dispatch/middleware/debug_exceptions.rb:28:in `call'
web-console (4.2.0) lib/web_console/middleware.rb:132:in `call_app'
web-console (4.2.0) lib/web_console/middleware.rb:28:in `block in call'
web-console (4.2.0) lib/web_console/middleware.rb:17:in `catch'
web-console (4.2.0) lib/web_console/middleware.rb:17:in `call'
actionpack (7.0.6) lib/action_dispatch/middleware/show_exceptions.rb:29:in `call'
railties (7.0.6) lib/rails/rack/logger.rb:40:in `call_app'
railties (7.0.6) lib/rails/rack/logger.rb:25:in `block in call'
activesupport (7.0.6) lib/active_support/tagged_logging.rb:99:in `block in tagged'
activesupport (7.0.6) lib/active_support/tagged_logging.rb:37:in `tagged'
activesupport (7.0.6) lib/active_support/tagged_logging.rb:99:in `tagged'
railties (7.0.6) lib/rails/rack/logger.rb:25:in `call'
sprockets-rails (3.4.2) lib/sprockets/rails/quiet_assets.rb:13:in `call'
actionpack (7.0.6) lib/action_dispatch/middleware/remote_ip.rb:93:in `call'
actionpack (7.0.6) lib/action_dispatch/middleware/request_id.rb:26:in `call'
rack (2.2.7) lib/rack/method_override.rb:24:in `call'
rack (2.2.7) lib/rack/runtime.rb:22:in `call'
activesupport (7.0.6) lib/active_support/cache/strategy/local_cache_middleware.rb:29:in `call'
actionpack (7.0.6) lib/action_dispatch/middleware/server_timing.rb:61:in `block in call'
actionpack (7.0.6) lib/action_dispatch/middleware/server_timing.rb:26:in `collect_events'
actionpack (7.0.6) lib/action_dispatch/middleware/server_timing.rb:60:in `call'
actionpack (7.0.6) lib/action_dispatch/middleware/executor.rb:14:in `call'
actionpack (7.0.6) lib/action_dispatch/middleware/static.rb:23:in `call'
rack (2.2.7) lib/rack/sendfile.rb:110:in `call'
actionpack (7.0.6) lib/action_dispatch/middleware/host_authorization.rb:137:in `call'
railties (7.0.6) lib/rails/engine.rb:530:in `call'
puma (5.6.6) lib/puma/configuration.rb:252:in `call'
puma (5.6.6) lib/puma/request.rb:77:in `block in handle_request'
puma (5.6.6) lib/puma/thread_pool.rb:340:in `with_force_shutdown'
puma (5.6.6) lib/puma/request.rb:76:in `handle_request'
puma (5.6.6) lib/puma/server.rb:443:in `process_client'
puma (5.6.6) lib/puma/thread_pool.rb:147:in `block in spawn_thread'
Started GET "/" for ::1 at 2023-07-28 16:39:31 +0100
Processing by HomeController#index as HTML
  Rendering layout layouts/application.html.slim
  Rendering home/index.html.slim within layouts/application
  Rendered home/index.html.slim within layouts/application (Duration: 25.9ms | Allocations: 9874)
  Rendered layouts/_head.html.slim (Duration: 436.3ms | Allocations: 92980)
  Rendered layouts/_alerts.html.slim (Duration: 6.2ms | Allocations: 2277)
  Rendered layout layouts/application.html.slim (Duration: 473.6ms | Allocations: 108478)
Completed 200 OK in 478ms (Views: 476.5ms | ActiveRecord: 0.0ms | Allocations: 109465)


  [1m[35m (0.2ms)[0m  [1m[34mSELECT pg_try_advisory_lock(6321400324635148515)[0m
  [1m[36mActiveRecord::SchemaMigration Pluck (0.5ms)[0m  [1m[34mSELECT "schema_migrations"."version" FROM "schema_migrations" ORDER BY "schema_migrations"."version" ASC[0m
Migrating to DeviseCreateUsers (20230728153941)
  [1m[36mTRANSACTION (0.3ms)[0m  [1m[35mBEGIN[0m
  [1m[35m (12.7ms)[0m  [1m[35mCREATE TABLE "users" ("id" bigserial primary key, "email" character varying DEFAULT '' NOT NULL, "encrypted_password" character varying DEFAULT '' NOT NULL, "reset_password_token" character varying, "reset_password_sent_at" timestamp(6), "remember_created_at" timestamp(6), "created_at" timestamp(6) NOT NULL, "updated_at" timestamp(6) NOT NULL)[0m
  [1m[35m (1.3ms)[0m  [1m[35mCREATE UNIQUE INDEX "index_users_on_email" ON "users" ("email")[0m
  [1m[35m (3.5ms)[0m  [1m[35mCREATE UNIQUE INDEX "index_users_on_reset_password_token" ON "users" ("reset_password_token")[0m
  [1m[36mActiveRecord::SchemaMigration Create (0.6ms)[0m  [1m[32mINSERT INTO "schema_migrations" ("version") VALUES ($1) RETURNING "version"[0m  [["version", "20230728153941"]]
  [1m[36mTRANSACTION (2.8ms)[0m  [1m[35mCOMMIT[0m
  [1m[36mActiveRecord::InternalMetadata Load (0.5ms)[0m  [1m[34mSELECT "ar_internal_metadata".* FROM "ar_internal_metadata" WHERE "ar_internal_metadata"."key" = $1 LIMIT $2[0m  [["key", "environment"], ["LIMIT", 1]]
  [1m[35m (5.7ms)[0m  [1m[34mSELECT pg_advisory_unlock(6321400324635148515)[0m
  [1m[36mActiveRecord::SchemaMigration Pluck (1.0ms)[0m  [1m[34mSELECT "schema_migrations"."version" FROM "schema_migrations" ORDER BY "schema_migrations"."version" ASC[0m
Started GET "/" for ::1 at 2023-07-28 16:40:48 +0100
  
NoMethodError (undefined method `devise_for' for #<ActionDispatch::Routing::Mapper:0x00000001128bf3b8 @set=#<ActionDispatch::Routing::RouteSet:0x0000000111620a68>, @draw_paths=[#<Pathname:/Users/roby/Desktop/work life/Personal-Projects/RPGManager/config/routes>], @scope=#<ActionDispatch::Routing::Mapper::Scope:0x00000001128bf368 @hash={:path_names=>{:new=>"new", :edit=>"edit"}}, @parent=#<ActionDispatch::Routing::Mapper::Scope:0x0000000111f10ec0 @hash=nil, @parent=nil, @scope_level=nil>, @scope_level=nil>, @concerns={}>

  devise_for :users
  ^^^^^^^^^^):
  
config/routes.rb:2:in `block in <main>'
config/routes.rb:1:in `<main>'
Started GET "/" for ::1 at 2023-07-28 16:41:27 +0100
  [1m[36mActiveRecord::SchemaMigration Pluck (0.2ms)[0m  [1m[34mSELECT "schema_migrations"."version" FROM "schema_migrations" ORDER BY "schema_migrations"."version" ASC[0m
  
ActionController::RoutingError (No route matches [GET] "/"):
  
Started GET "/" for ::1 at 2023-07-28 16:41:31 +0100
  
ActionController::RoutingError (No route matches [GET] "/"):
  
Started GET "/" for ::1 at 2023-07-28 16:41:42 +0100
  
ActionController::RoutingError (No route matches [GET] "/"):
  
Started GET "/" for ::1 at 2023-07-28 16:41:47 +0100
  
NoMethodError (undefined method `devise_for' for #<ActionDispatch::Routing::Mapper:0x0000000112c46068 @set=#<ActionDispatch::Routing::RouteSet:0x0000000111620a68>, @draw_paths=[#<Pathname:/Users/roby/Desktop/work life/Personal-Projects/RPGManager/config/routes>], @scope=#<ActionDispatch::Routing::Mapper::Scope:0x0000000112c46018 @hash={:path_names=>{:new=>"new", :edit=>"edit"}}, @parent=#<ActionDispatch::Routing::Mapper::Scope:0x0000000111f10ec0 @hash=nil, @parent=nil, @scope_level=nil>, @scope_level=nil>, @concerns={}>

  devise_for :users
  ^^^^^^^^^^):
  
config/routes.rb:2:in `block in <main>'
config/routes.rb:1:in `<main>'
  [1m[35m (0.2ms)[0m  [1m[34mSELECT pg_try_advisory_lock(6321400324635148515)[0m
  [1m[36mActiveRecord::SchemaMigration Pluck (0.6ms)[0m  [1m[34mSELECT "schema_migrations"."version" FROM "schema_migrations" ORDER BY "schema_migrations"."version" ASC[0m
  [1m[36mActiveRecord::InternalMetadata Load (0.3ms)[0m  [1m[34mSELECT "ar_internal_metadata".* FROM "ar_internal_metadata" WHERE "ar_internal_metadata"."key" = $1 LIMIT $2[0m  [["key", "environment"], ["LIMIT", 1]]
  [1m[35m (0.2ms)[0m  [1m[34mSELECT pg_advisory_unlock(6321400324635148515)[0m
  [1m[36mActiveRecord::SchemaMigration Pluck (0.5ms)[0m  [1m[34mSELECT "schema_migrations"."version" FROM "schema_migrations" ORDER BY "schema_migrations"."version" ASC[0m
Started GET "/" for ::1 at 2023-07-28 16:42:26 +0100
  [1m[36mActiveRecord::SchemaMigration Pluck (0.5ms)[0m  [1m[34mSELECT "schema_migrations"."version" FROM "schema_migrations" ORDER BY "schema_migrations"."version" ASC[0m
Processing by HomeController#index as HTML
  Rendering layout layouts/application.html.slim
  Rendering home/index.html.slim within layouts/application
  Rendered home/index.html.slim within layouts/application (Duration: 20.7ms | Allocations: 9800)
  Rendered layouts/_head.html.slim (Duration: 85.0ms | Allocations: 39914)
  Rendered layouts/_alerts.html.slim (Duration: 4.9ms | Allocations: 2267)
  Rendered layout layouts/application.html.slim (Duration: 116.1ms | Allocations: 55371)
Completed 200 OK in 178ms (Views: 137.4ms | ActiveRecord: 0.0ms | Allocations: 60277)


Started GET "/" for ::1 at 2023-07-28 16:42:32 +0100
Processing by HomeController#index as HTML
Completed 401 Unauthorized in 8ms (ActiveRecord: 0.0ms | Allocations: 1783)


Started GET "/users/sign_in" for ::1 at 2023-07-28 16:42:32 +0100
Processing by Devise::SessionsController#new as HTML
  Rendering layout layouts/application.html.slim
  Rendering devise/sessions/new.html.erb within layouts/application
  Rendered devise/shared/_links.html.erb (Duration: 1.5ms | Allocations: 735)
  Rendered devise/sessions/new.html.erb within layouts/application (Duration: 22.0ms | Allocations: 4226)
  Rendered layouts/_head.html.slim (Duration: 17.6ms | Allocations: 14723)
  Rendered layouts/_alerts.html.slim (Duration: 0.1ms | Allocations: 49)
  Rendered layout layouts/application.html.slim (Duration: 40.4ms | Allocations: 19213)
Completed 200 OK in 65ms (Views: 45.7ms | ActiveRecord: 4.6ms | Allocations: 27063)


Started GET "/users/sign_up" for ::1 at 2023-07-28 16:42:39 +0100
Processing by Devise::RegistrationsController#new as HTML
  Rendering layout layouts/application.html.slim
  Rendering devise/registrations/new.html.erb within layouts/application
  Rendered devise/shared/_error_messages.html.erb (Duration: 0.9ms | Allocations: 218)
  Rendered devise/shared/_links.html.erb (Duration: 0.9ms | Allocations: 150)
  Rendered devise/registrations/new.html.erb within layouts/application (Duration: 6.5ms | Allocations: 2182)
  Rendered layouts/_head.html.slim (Duration: 3.9ms | Allocations: 2449)
  Rendered layouts/_alerts.html.slim (Duration: 0.1ms | Allocations: 35)
  Rendered layout layouts/application.html.slim (Duration: 11.0ms | Allocations: 4881)
Completed 200 OK in 15ms (Views: 13.3ms | ActiveRecord: 0.0ms | Allocations: 6191)


Started POST "/users" for ::1 at 2023-07-28 16:42:48 +0100
Processing by Devise::RegistrationsController#create as TURBO_STREAM
  Parameters: {"authenticity_token"=>"[FILTERED]", "user"=>{"email"=>"roby.sax@icloud.com", "password"=>"[FILTERED]", "password_confirmation"=>"[FILTERED]"}, "commit"=>"Sign up"}
  [1m[36mTRANSACTION (0.7ms)[0m  [1m[35mBEGIN[0m
  [1m[36mUser Exists? (1.0ms)[0m  [1m[34mSELECT 1 AS one FROM "users" WHERE "users"."email" = $1 LIMIT $2[0m  [["email", "roby.sax@icloud.com"], ["LIMIT", 1]]
  [1m[36mUser Create (4.6ms)[0m  [1m[32mINSERT INTO "users" ("email", "encrypted_password", "reset_password_token", "reset_password_sent_at", "remember_created_at", "created_at", "updated_at") VALUES ($1, $2, $3, $4, $5, $6, $7) RETURNING "id"[0m  [["email", "roby.sax@icloud.com"], ["encrypted_password", "[FILTERED]"], ["reset_password_token", "[FILTERED]"], ["reset_password_sent_at", "[FILTERED]"], ["remember_created_at", nil], ["created_at", "2023-07-28 15:42:49.380201"], ["updated_at", "2023-07-28 15:42:49.380201"]]
  [1m[36mTRANSACTION (1.9ms)[0m  [1m[35mCOMMIT[0m
Redirected to http://localhost:3000/
Completed 303 See Other in 489ms (ActiveRecord: 8.1ms | Allocations: 11017)


Started GET "/" for ::1 at 2023-07-28 16:42:49 +0100
Processing by HomeController#index as TURBO_STREAM
  [1m[36mUser Load (0.2ms)[0m  [1m[34mSELECT "users".* FROM "users" WHERE "users"."id" = $1 ORDER BY "users"."id" ASC LIMIT $2[0m  [["id", 1], ["LIMIT", 1]]
  Rendering layout layouts/application.html.slim
  Rendering home/index.html.slim within layouts/application
  Rendered home/index.html.slim within layouts/application (Duration: 0.0ms | Allocations: 12)
  Rendered layouts/_head.html.slim (Duration: 6.3ms | Allocations: 2504)
  Rendered layouts/_alerts.html.slim (Duration: 0.1ms | Allocations: 45)
  Rendered layout layouts/application.html.slim (Duration: 7.3ms | Allocations: 2832)
Completed 200 OK in 17ms (Views: 10.3ms | ActiveRecord: 0.4ms | Allocations: 5294)


Started GET "/" for ::1 at 2023-07-28 16:42:57 +0100
Processing by HomeController#index as HTML
  [1m[36mUser Load (0.3ms)[0m  [1m[34mSELECT "users".* FROM "users" WHERE "users"."id" = $1 ORDER BY "users"."id" ASC LIMIT $2[0m  [["id", 1], ["LIMIT", 1]]
  Rendering layout layouts/application.html.slim
  Rendering home/index.html.slim within layouts/application
  Rendered home/index.html.slim within layouts/application (Duration: 0.0ms | Allocations: 7)
  Rendered layouts/_head.html.slim (Duration: 4.3ms | Allocations: 2263)
  Rendered layouts/_alerts.html.slim (Duration: 0.1ms | Allocations: 24)
  Rendered layout layouts/application.html.slim (Duration: 4.9ms | Allocations: 2492)
Completed 200 OK in 9ms (Views: 5.3ms | ActiveRecord: 0.3ms | Allocations: 4255)


Started GET "/" for ::1 at 2023-07-28 17:38:56 +0100
Processing by HomeController#index as HTML
  [1m[36mUser Load (0.7ms)[0m  [1m[34mSELECT "users".* FROM "users" WHERE "users"."id" = $1 ORDER BY "users"."id" ASC LIMIT $2[0m  [["id", 1], ["LIMIT", 1]]
  Rendering layout layouts/application.html.slim
  Rendering home/index.html.slim within layouts/application
  Rendered home/index.html.slim within layouts/application (Duration: 2.7ms | Allocations: 1404)
  Rendered layouts/_head.html.slim (Duration: 11.6ms | Allocations: 6064)
  Rendered layouts/_alerts.html.slim (Duration: 17.2ms | Allocations: 2244)
  Rendered layout layouts/application.html.slim (Duration: 38.4ms | Allocations: 12794)
Completed 200 OK in 65ms (Views: 40.5ms | ActiveRecord: 8.1ms | Allocations: 17978)


Started GET "/" for ::1 at 2023-07-28 18:33:13 +0100
Processing by HomeController#index as HTML
  [1m[36mUser Load (0.5ms)[0m  [1m[34mSELECT "users".* FROM "users" WHERE "users"."id" = $1 ORDER BY "users"."id" ASC LIMIT $2[0m  [["id", 1], ["LIMIT", 1]]
  Rendering layout layouts/home_layout.html.slim
  Rendering home/index.html.slim within layouts/home_layout
  Rendered home/index.html.slim within layouts/home_layout (Duration: 2.5ms | Allocations: 1408)
  Rendered layout layouts/home_layout.html.slim (Duration: 6.0ms | Allocations: 3119)
Completed 200 OK in 39ms (Views: 7.4ms | ActiveRecord: 11.3ms | Allocations: 11456)


Started GET "/" for ::1 at 2023-07-28 18:38:09 +0100
Processing by HomeController#index as HTML
  [1m[36mUser Load (0.3ms)[0m  [1m[34mSELECT "users".* FROM "users" WHERE "users"."id" = $1 ORDER BY "users"."id" ASC LIMIT $2[0m  [["id", 1], ["LIMIT", 1]]
  Rendering layout layouts/home_layout.html.slim
  Rendering home/index.html.slim within layouts/home_layout
  Rendered home/index.html.slim within layouts/home_layout (Duration: 2.8ms | Allocations: 1403)
  Rendered layout layouts/home_layout.html.slim (Duration: 5.6ms | Allocations: 2841)
Completed 200 OK in 14ms (Views: 8.8ms | ActiveRecord: 0.3ms | Allocations: 5195)


Started GET "/" for ::1 at 2023-07-29 15:50:42 +0100
  [1m[36mActiveRecord::SchemaMigration Pluck (0.7ms)[0m  [1m[34mSELECT "schema_migrations"."version" FROM "schema_migrations" ORDER BY "schema_migrations"."version" ASC[0m
Processing by HomeController#index as HTML
  [1m[36mUser Load (2.2ms)[0m  [1m[34mSELECT "users".* FROM "users" WHERE "users"."id" = $1 ORDER BY "users"."id" ASC LIMIT $2[0m  [["id", 1], ["LIMIT", 1]]
  Rendering layout layouts/home_layout.html.slim
  Rendering home/index.html.slim within layouts/home_layout
  Rendered home/index.html.slim within layouts/home_layout (Duration: 20.8ms | Allocations: 9799)
  Rendered layout layouts/home_layout.html.slim (Duration: 23.9ms | Allocations: 11298)
Completed 200 OK in 85ms (Views: 36.9ms | ActiveRecord: 8.2ms | Allocations: 25736)


Started GET "/" for ::1 at 2023-07-29 15:53:03 +0100
Processing by HomeController#index as HTML
  [1m[36mUser Load (0.6ms)[0m  [1m[34mSELECT "users".* FROM "users" WHERE "users"."id" = $1 ORDER BY "users"."id" ASC LIMIT $2[0m  [["id", 1], ["LIMIT", 1]]
  Rendering layout layouts/home_layout.html.slim
  Rendering home/index.html.slim within layouts/home_layout
  Rendered home/index.html.slim within layouts/home_layout (Duration: 0.0ms | Allocations: 9)
  Rendered layout layouts/home_layout.html.slim (Duration: 0.2ms | Allocations: 93)
Completed 200 OK in 10ms (Views: 0.8ms | ActiveRecord: 0.6ms | Allocations: 1879)


Started GET "/" for ::1 at 2023-07-29 15:53:35 +0100
Processing by HomeController#index as HTML
  [1m[36mUser Load (0.5ms)[0m  [1m[34mSELECT "users".* FROM "users" WHERE "users"."id" = $1 ORDER BY "users"."id" ASC LIMIT $2[0m  [["id", 1], ["LIMIT", 1]]
  Rendering layout layouts/home_layout.html.slim
  Rendering home/index.html.slim within layouts/home_layout
  Rendered home/index.html.slim within layouts/home_layout (Duration: 2.6ms | Allocations: 1403)
  Rendered layout layouts/home_layout.html.slim (Duration: 5.9ms | Allocations: 3201)
Completed 200 OK in 16ms (Views: 8.1ms | ActiveRecord: 0.5ms | Allocations: 5370)


Started GET "/" for ::1 at 2023-07-29 15:53:47 +0100
Processing by HomeController#index as HTML
  [1m[36mUser Load (0.3ms)[0m  [1m[34mSELECT "users".* FROM "users" WHERE "users"."id" = $1 ORDER BY "users"."id" ASC LIMIT $2[0m  [["id", 1], ["LIMIT", 1]]
  Rendering layout layouts/home_layout.html.slim
  Rendering home/index.html.slim within layouts/home_layout
  Rendered home/index.html.slim within layouts/home_layout (Duration: 4.2ms | Allocations: 1716)
  Rendered layout layouts/home_layout.html.slim (Duration: 7.5ms | Allocations: 3403)
Completed 200 OK in 15ms (Views: 8.9ms | ActiveRecord: 0.3ms | Allocations: 5764)


Started GET "/" for ::1 at 2023-07-29 15:53:51 +0100
Processing by HomeController#index as HTML
  [1m[36mUser Load (0.3ms)[0m  [1m[34mSELECT "users".* FROM "users" WHERE "users"."id" = $1 ORDER BY "users"."id" ASC LIMIT $2[0m  [["id", 1], ["LIMIT", 1]]
  Rendering layout layouts/home_layout.html.slim
  Rendering home/index.html.slim within layouts/home_layout
  Rendered home/index.html.slim within layouts/home_layout (Duration: 5.4ms | Allocations: 1676)
  Rendered layout layouts/home_layout.html.slim (Duration: 12.0ms | Allocations: 3120)
Completed 200 OK in 20ms (Views: 13.7ms | ActiveRecord: 0.3ms | Allocations: 5457)


Started GET "/" for ::1 at 2023-07-29 15:53:54 +0100
Processing by HomeController#index as HTML
  [1m[36mUser Load (1.2ms)[0m  [1m[34mSELECT "users".* FROM "users" WHERE "users"."id" = $1 ORDER BY "users"."id" ASC LIMIT $2[0m  [["id", 1], ["LIMIT", 1]]
  Rendering layout layouts/home_layout.html.slim
  Rendering home/index.html.slim within layouts/home_layout
  Rendered home/index.html.slim within layouts/home_layout (Duration: 4.9ms | Allocations: 1676)
  Rendered layout layouts/home_layout.html.slim (Duration: 12.1ms | Allocations: 3362)
Completed 200 OK in 23ms (Views: 14.4ms | ActiveRecord: 1.2ms | Allocations: 5691)


Started GET "/" for ::1 at 2023-07-29 15:54:22 +0100
Processing by HomeController#index as HTML
  [1m[36mUser Load (0.2ms)[0m  [1m[34mSELECT "users".* FROM "users" WHERE "users"."id" = $1 ORDER BY "users"."id" ASC LIMIT $2[0m  [["id", 1], ["LIMIT", 1]]
  Rendering layout layouts/home_layout.html.slim
  Rendering home/index.html.slim within layouts/home_layout
  Rendered home/index.html.slim within layouts/home_layout (Duration: 5.4ms | Allocations: 1676)
  Rendered layout layouts/home_layout.html.slim (Duration: 8.5ms | Allocations: 3361)
Completed 200 OK in 16ms (Views: 12.0ms | ActiveRecord: 0.2ms | Allocations: 5692)


Started GET "/" for ::1 at 2023-07-29 15:54:33 +0100
Processing by HomeController#index as HTML
  [1m[36mUser Load (0.2ms)[0m  [1m[34mSELECT "users".* FROM "users" WHERE "users"."id" = $1 ORDER BY "users"."id" ASC LIMIT $2[0m  [["id", 1], ["LIMIT", 1]]
  Rendering layout layouts/home_layout.html.slim
  Rendering home/index.html.slim within layouts/home_layout
  Rendered home/index.html.slim within layouts/home_layout (Duration: 2.7ms | Allocations: 1676)
  Rendered layout layouts/home_layout.html.slim (Duration: 5.8ms | Allocations: 3361)
Completed 200 OK in 12ms (Views: 7.4ms | ActiveRecord: 0.2ms | Allocations: 5695)


Started GET "/" for ::1 at 2023-07-29 15:55:58 +0100
Processing by HomeController#index as HTML
  [1m[36mUser Load (0.2ms)[0m  [1m[34mSELECT "users".* FROM "users" WHERE "users"."id" = $1 ORDER BY "users"."id" ASC LIMIT $2[0m  [["id", 1], ["LIMIT", 1]]
  Rendering layout layouts/home_layout.html.slim
  Rendering home/index.html.slim within layouts/home_layout
  Rendered home/index.html.slim within layouts/home_layout (Duration: 7.8ms | Allocations: 1676)
  Rendered layout layouts/home_layout.html.slim (Duration: 11.3ms | Allocations: 3963)
Completed 200 OK in 19ms (Views: 15.2ms | ActiveRecord: 0.2ms | Allocations: 6303)


Started GET "/" for ::1 at 2023-07-29 15:55:59 +0100
Processing by HomeController#index as HTML
  [1m[36mUser Load (0.5ms)[0m  [1m[34mSELECT "users".* FROM "users" WHERE "users"."id" = $1 ORDER BY "users"."id" ASC LIMIT $2[0m  [["id", 1], ["LIMIT", 1]]
  Rendering layout layouts/home_layout.html.slim
  Rendering home/index.html.slim within layouts/home_layout
  Rendered home/index.html.slim within layouts/home_layout (Duration: 0.0ms | Allocations: 7)
  Rendered layout layouts/home_layout.html.slim (Duration: 0.2ms | Allocations: 92)
Completed 200 OK in 5ms (Views: 0.7ms | ActiveRecord: 0.5ms | Allocations: 1842)


Started GET "/" for ::1 at 2023-07-29 15:56:03 +0100
Processing by HomeController#index as HTML
  [1m[36mUser Load (0.2ms)[0m  [1m[34mSELECT "users".* FROM "users" WHERE "users"."id" = $1 ORDER BY "users"."id" ASC LIMIT $2[0m  [["id", 1], ["LIMIT", 1]]
  Rendering layout layouts/home_layout.html.slim
  Rendering home/index.html.slim within layouts/home_layout
  Rendered home/index.html.slim within layouts/home_layout (Duration: 3.0ms | Allocations: 1676)
  Rendered layout layouts/home_layout.html.slim (Duration: 7.4ms | Allocations: 3949)
Completed 200 OK in 13ms (Views: 8.9ms | ActiveRecord: 0.2ms | Allocations: 6091)


Started GET "/" for ::1 at 2023-07-29 15:56:14 +0100
Processing by HomeController#index as HTML
  [1m[36mUser Load (0.2ms)[0m  [1m[34mSELECT "users".* FROM "users" WHERE "users"."id" = $1 ORDER BY "users"."id" ASC LIMIT $2[0m  [["id", 1], ["LIMIT", 1]]
  Rendering layout layouts/home_layout.html.slim
  Rendering home/index.html.slim within layouts/home_layout
  Rendered home/index.html.slim within layouts/home_layout (Duration: 2.4ms | Allocations: 1676)
  Rendered layout layouts/home_layout.html.slim (Duration: 5.3ms | Allocations: 3987)
Completed 200 OK in 12ms (Views: 6.7ms | ActiveRecord: 0.2ms | Allocations: 6309)


Started GET "/" for ::1 at 2023-07-29 15:56:35 +0100
Processing by HomeController#index as HTML
  [1m[36mUser Load (0.2ms)[0m  [1m[34mSELECT "users".* FROM "users" WHERE "users"."id" = $1 ORDER BY "users"."id" ASC LIMIT $2[0m  [["id", 1], ["LIMIT", 1]]
  Rendering layout layouts/home_layout.html.slim
  Rendering home/index.html.slim within layouts/home_layout
  Rendered home/index.html.slim within layouts/home_layout (Duration: 3.4ms | Allocations: 1676)
  Rendered layout layouts/home_layout.html.slim (Duration: 18.9ms | Allocations: 3992)
Completed 200 OK in 24ms (Views: 20.3ms | ActiveRecord: 0.2ms | Allocations: 6301)


Started GET "/" for ::1 at 2023-07-29 15:57:02 +0100
  [1m[36mActiveRecord::SchemaMigration Pluck (0.6ms)[0m  [1m[34mSELECT "schema_migrations"."version" FROM "schema_migrations" ORDER BY "schema_migrations"."version" ASC[0m
Processing by HomeController#index as HTML
  [1m[36mUser Load (0.5ms)[0m  [1m[34mSELECT "users".* FROM "users" WHERE "users"."id" = $1 ORDER BY "users"."id" ASC LIMIT $2[0m  [["id", 1], ["LIMIT", 1]]
  Rendering layout layouts/home_layout.html.slim
  Rendering home/index.html.slim within layouts/home_layout
  Rendered home/index.html.slim within layouts/home_layout (Duration: 16.3ms | Allocations: 10122)
  Rendered layout layouts/home_layout.html.slim (Duration: 19.4ms | Allocations: 12615)
Completed 200 OK in 66ms (Views: 24.3ms | ActiveRecord: 4.1ms | Allocations: 27057)


Started GET "/" for ::1 at 2023-07-29 15:58:01 +0100
Processing by HomeController#index as HTML
  [1m[36mUser Load (0.2ms)[0m  [1m[34mSELECT "users".* FROM "users" WHERE "users"."id" = $1 ORDER BY "users"."id" ASC LIMIT $2[0m  [["id", 1], ["LIMIT", 1]]
  Rendering layout layouts/application_layout.html.slim
  Rendering home/index.html.slim within layouts/application_layout
  Rendered home/index.html.slim within layouts/application_layout (Duration: 2.9ms | Allocations: 1676)
  Rendered layouts/_head.html.slim (Duration: 961.6ms | Allocations: 146861)
  Rendered layouts/_alerts.html.slim (Duration: 2.7ms | Allocations: 2277)
  Rendered layout layouts/application_layout.html.slim (Duration: 974.7ms | Allocations: 154131)
Completed 200 OK in 991ms (Views: 976.2ms | ActiveRecord: 3.7ms | Allocations: 159935)


Started GET "/" for ::1 at 2023-07-29 15:59:30 +0100
Processing by HomeController#index as HTML
  [1m[36mUser Load (0.3ms)[0m  [1m[34mSELECT "users".* FROM "users" WHERE "users"."id" = $1 ORDER BY "users"."id" ASC LIMIT $2[0m  [["id", 1], ["LIMIT", 1]]
  Rendering layout layouts/application_layout.html.slim
  Rendering home/index.html.slim within layouts/application_layout
  Rendered home/index.html.slim within layouts/application_layout (Duration: 3.6ms | Allocations: 1690)
  Rendered layouts/_head.html.slim (Duration: 23.9ms | Allocations: 12874)
  Rendered layouts/_alerts.html.slim (Duration: 5.1ms | Allocations: 2238)
  Rendered layout layouts/application_layout.html.slim (Duration: 37.9ms | Allocations: 20703)
Completed 200 OK in 44ms (Views: 39.4ms | ActiveRecord: 0.3ms | Allocations: 23016)


Started GET "/" for ::1 at 2023-07-29 15:59:35 +0100
Processing by HomeController#index as HTML
  [1m[36mUser Load (0.4ms)[0m  [1m[34mSELECT "users".* FROM "users" WHERE "users"."id" = $1 ORDER BY "users"."id" ASC LIMIT $2[0m  [["id", 1], ["LIMIT", 1]]
  Rendering layout layouts/application_layout.html.slim
  Rendering home/index.html.slim within layouts/application_layout
  Rendered home/index.html.slim within layouts/application_layout (Duration: 3.1ms | Allocations: 1676)
  Rendered layouts/_head.html.slim (Duration: 25.2ms | Allocations: 12860)
  Rendered layouts/_alerts.html.slim (Duration: 3.0ms | Allocations: 2238)
  Rendered layout layouts/application_layout.html.slim (Duration: 37.6ms | Allocations: 20671)
Completed 200 OK in 45ms (Views: 39.2ms | ActiveRecord: 0.4ms | Allocations: 23002)


Started GET "/" for ::1 at 2023-07-29 15:59:46 +0100
Processing by HomeController#index as HTML
  [1m[36mUser Load (0.3ms)[0m  [1m[34mSELECT "users".* FROM "users" WHERE "users"."id" = $1 ORDER BY "users"."id" ASC LIMIT $2[0m  [["id", 1], ["LIMIT", 1]]
  Rendering layout layouts/application_layout.html.slim
  Rendering home/index.html.slim within layouts/application_layout
  Rendered home/index.html.slim within layouts/application_layout (Duration: 2.9ms | Allocations: 1676)
  Rendered layouts/_head.html.slim (Duration: 20.9ms | Allocations: 12862)
  Rendered layouts/_alerts.html.slim (Duration: 3.1ms | Allocations: 2255)
  Rendered layout layouts/application_layout.html.slim (Duration: 35.7ms | Allocations: 20690)
Completed 200 OK in 42ms (Views: 37.2ms | ActiveRecord: 0.3ms | Allocations: 23014)


Started GET "/" for ::1 at 2023-07-29 15:59:55 +0100
Processing by HomeController#index as HTML
  [1m[36mUser Load (0.3ms)[0m  [1m[34mSELECT "users".* FROM "users" WHERE "users"."id" = $1 ORDER BY "users"."id" ASC LIMIT $2[0m  [["id", 1], ["LIMIT", 1]]
  Rendering layout layouts/application_layout.html.slim
  Rendering home/index.html.slim within layouts/application_layout
  Rendered home/index.html.slim within layouts/application_layout (Duration: 6.9ms | Allocations: 1676)
  Rendered layouts/_head.html.slim (Duration: 69.7ms | Allocations: 12883)
  Rendered layouts/_alerts.html.slim (Duration: 3.1ms | Allocations: 2256)
  Rendered layout layouts/application_layout.html.slim (Duration: 93.6ms | Allocations: 20712)
Completed 200 OK in 101ms (Views: 95.9ms | ActiveRecord: 0.3ms | Allocations: 23060)


Started GET "/" for ::1 at 2023-07-29 16:00:09 +0100
Processing by HomeController#index as HTML
  [1m[36mUser Load (0.2ms)[0m  [1m[34mSELECT "users".* FROM "users" WHERE "users"."id" = $1 ORDER BY "users"."id" ASC LIMIT $2[0m  [["id", 1], ["LIMIT", 1]]
  Rendering layout layouts/application_layout.html.slim
  Rendering home/index.html.slim within layouts/application_layout
  Rendered home/index.html.slim within layouts/application_layout (Duration: 3.1ms | Allocations: 1676)
  Rendered layouts/_head.html.slim (Duration: 16.7ms | Allocations: 11563)
  Rendered layouts/_alerts.html.slim (Duration: 3.3ms | Allocations: 2250)
  Rendered layout layouts/application_layout.html.slim (Duration: 28.8ms | Allocations: 19384)
Completed 200 OK in 34ms (Views: 30.1ms | ActiveRecord: 0.2ms | Allocations: 21712)


Started GET "/" for ::1 at 2023-07-29 16:00:26 +0100
Processing by HomeController#index as HTML
  [1m[36mUser Load (0.3ms)[0m  [1m[34mSELECT "users".* FROM "users" WHERE "users"."id" = $1 ORDER BY "users"."id" ASC LIMIT $2[0m  [["id", 1], ["LIMIT", 1]]
  Rendering layout layouts/application_layout.html.slim
  Rendering home/index.html.slim within layouts/application_layout
  Rendered home/index.html.slim within layouts/application_layout (Duration: 2.7ms | Allocations: 1678)
  Rendered layouts/_head.html.slim (Duration: 14.4ms | Allocations: 11572)
  Rendered layouts/_alerts.html.slim (Duration: 3.1ms | Allocations: 2239)
  Rendered layout layouts/application_layout.html.slim (Duration: 26.8ms | Allocations: 19333)
Completed 200 OK in 34ms (Views: 28.2ms | ActiveRecord: 0.3ms | Allocations: 21647)


Started GET "/" for ::1 at 2023-07-29 16:00:28 +0100
Processing by HomeController#index as HTML
  [1m[36mUser Load (0.2ms)[0m  [1m[34mSELECT "users".* FROM "users" WHERE "users"."id" = $1 ORDER BY "users"."id" ASC LIMIT $2[0m  [["id", 1], ["LIMIT", 1]]
  Rendering layout layouts/application_layout.html.slim
  Rendering home/index.html.slim within layouts/application_layout
  Rendered home/index.html.slim within layouts/application_layout (Duration: 0.0ms | Allocations: 7)
  Rendered layouts/_head.html.slim (Duration: 13.7ms | Allocations: 7371)
  Rendered layouts/_alerts.html.slim (Duration: 0.1ms | Allocations: 24)
  Rendered layout layouts/application_layout.html.slim (Duration: 14.3ms | Allocations: 7600)
Completed 200 OK in 20ms (Views: 14.7ms | ActiveRecord: 0.2ms | Allocations: 9333)


Started GET "/" for ::1 at 2023-07-29 16:00:42 +0100
Processing by HomeController#index as HTML
  [1m[36mUser Load (0.6ms)[0m  [1m[34mSELECT "users".* FROM "users" WHERE "users"."id" = $1 ORDER BY "users"."id" ASC LIMIT $2[0m  [["id", 1], ["LIMIT", 1]]
  Rendering layout layouts/application_layout.html.slim
  Rendering home/index.html.slim within layouts/application_layout
  Rendered home/index.html.slim within layouts/application_layout (Duration: 4.0ms | Allocations: 1676)
  Rendered layouts/_head.html.slim (Duration: 15.4ms | Allocations: 11564)
  Rendered layouts/_alerts.html.slim (Duration: 3.1ms | Allocations: 2238)
  Rendered layout layouts/application_layout.html.slim (Duration: 28.3ms | Allocations: 19372)
Completed 200 OK in 38ms (Views: 30.4ms | ActiveRecord: 0.6ms | Allocations: 21497)


Started GET "/" for ::1 at 2023-07-29 16:01:34 +0100
Processing by HomeController#index as HTML
  [1m[36mUser Load (0.3ms)[0m  [1m[34mSELECT "users".* FROM "users" WHERE "users"."id" = $1 ORDER BY "users"."id" ASC LIMIT $2[0m  [["id", 1], ["LIMIT", 1]]
  Rendering layout layouts/application_layout.html.slim
  Rendering home/index.html.slim within layouts/application_layout
  Rendered home/index.html.slim within layouts/application_layout (Duration: 2.7ms | Allocations: 1676)
  Rendered layouts/_head.html.slim (Duration: 21.8ms | Allocations: 12866)
  Rendered layouts/_alerts.html.slim (Duration: 4.7ms | Allocations: 2254)
  Rendered layout layouts/application_layout.html.slim (Duration: 35.6ms | Allocations: 21012)
Completed 200 OK in 42ms (Views: 37.1ms | ActiveRecord: 0.3ms | Allocations: 23337)


Started GET "/" for ::1 at 2023-07-29 16:01:56 +0100
Processing by HomeController#index as HTML
  [1m[36mUser Load (0.3ms)[0m  [1m[34mSELECT "users".* FROM "users" WHERE "users"."id" = $1 ORDER BY "users"."id" ASC LIMIT $2[0m  [["id", 1], ["LIMIT", 1]]
  Rendering layout layouts/application_layout.html.slim
  Rendering home/index.html.slim within layouts/application_layout
  Rendered home/index.html.slim within layouts/application_layout (Duration: 3.0ms | Allocations: 1677)
  Rendered layouts/_head.html.slim (Duration: 20.9ms | Allocations: 12912)
  Rendered layouts/_alerts.html.slim (Duration: 3.2ms | Allocations: 2238)
  Rendered layout layouts/application_layout.html.slim (Duration: 38.1ms | Allocations: 21087)
Completed 200 OK in 44ms (Views: 39.3ms | ActiveRecord: 0.3ms | Allocations: 23409)


Started GET "/" for ::1 at 2023-07-29 16:02:42 +0100
Processing by HomeController#index as HTML
  [1m[36mUser Load (0.2ms)[0m  [1m[34mSELECT "users".* FROM "users" WHERE "users"."id" = $1 ORDER BY "users"."id" ASC LIMIT $2[0m  [["id", 1], ["LIMIT", 1]]
  Rendering layout layouts/application_layout.html.slim
  Rendering home/index.html.slim within layouts/application_layout
  Rendered home/index.html.slim within layouts/application_layout (Duration: 2.7ms | Allocations: 1676)
  Rendered layouts/_head.html.slim (Duration: 21.3ms | Allocations: 12880)
  Rendered layouts/_alerts.html.slim (Duration: 3.4ms | Allocations: 2243)
  Rendered layout layouts/application_layout.html.slim (Duration: 35.5ms | Allocations: 21431)
Completed 200 OK in 41ms (Views: 36.9ms | ActiveRecord: 0.2ms | Allocations: 23744)


Started GET "/" for ::1 at 2023-07-29 16:02:53 +0100
Processing by HomeController#index as HTML
  [1m[36mUser Load (0.2ms)[0m  [1m[34mSELECT "users".* FROM "users" WHERE "users"."id" = $1 ORDER BY "users"."id" ASC LIMIT $2[0m  [["id", 1], ["LIMIT", 1]]
  Rendering layout layouts/application_layout.html.slim
  Rendering home/index.html.slim within layouts/application_layout
  Rendered home/index.html.slim within layouts/application_layout (Duration: 2.6ms | Allocations: 1677)
  Rendered layouts/_head.html.slim (Duration: 16.8ms | Allocations: 11581)
  Rendered layouts/_alerts.html.slim (Duration: 3.2ms | Allocations: 2238)
  Rendered layout layouts/application_layout.html.slim (Duration: 27.9ms | Allocations: 20160)
Completed 200 OK in 34ms (Views: 29.6ms | ActiveRecord: 0.2ms | Allocations: 22479)


Started GET "/" for ::1 at 2023-07-29 16:03:43 +0100
Processing by HomeController#index as HTML
  [1m[36mUser Load (0.4ms)[0m  [1m[34mSELECT "users".* FROM "users" WHERE "users"."id" = $1 ORDER BY "users"."id" ASC LIMIT $2[0m  [["id", 1], ["LIMIT", 1]]
  Rendering layout layouts/application_layout.html.slim
  Rendering home/index.html.slim within layouts/application_layout
  Rendered home/index.html.slim within layouts/application_layout (Duration: 2.8ms | Allocations: 1676)
  Rendered layouts/_head.html.slim (Duration: 16.3ms | Allocations: 11564)
  Rendered layouts/_alerts.html.slim (Duration: 3.2ms | Allocations: 2238)
  Rendered layout layouts/application_layout.html.slim (Duration: 27.9ms | Allocations: 20140)
Completed 200 OK in 34ms (Views: 29.3ms | ActiveRecord: 0.4ms | Allocations: 22463)


Started GET "/" for ::1 at 2023-07-29 16:03:49 +0100
Processing by HomeController#index as HTML
  [1m[36mUser Load (0.2ms)[0m  [1m[34mSELECT "users".* FROM "users" WHERE "users"."id" = $1 ORDER BY "users"."id" ASC LIMIT $2[0m  [["id", 1], ["LIMIT", 1]]
  Rendering layout layouts/application_layout.html.slim
  Rendering home/index.html.slim within layouts/application_layout
  Rendered home/index.html.slim within layouts/application_layout (Duration: 5.1ms | Allocations: 1676)
  Rendered layouts/_head.html.slim (Duration: 16.1ms | Allocations: 11562)
  Rendered layouts/_alerts.html.slim (Duration: 4.5ms | Allocations: 2245)
  Rendered layout layouts/application_layout.html.slim (Duration: 32.6ms | Allocations: 20383)
Completed 200 OK in 43ms (Views: 37.8ms | ActiveRecord: 0.2ms | Allocations: 22704)


Started GET "/" for ::1 at 2023-07-29 16:03:55 +0100
Processing by HomeController#index as HTML
  [1m[36mUser Load (0.2ms)[0m  [1m[34mSELECT "users".* FROM "users" WHERE "users"."id" = $1 ORDER BY "users"."id" ASC LIMIT $2[0m  [["id", 1], ["LIMIT", 1]]
  Rendering layout layouts/application_layout.html.slim
  Rendering home/index.html.slim within layouts/application_layout
  Rendered home/index.html.slim within layouts/application_layout (Duration: 2.6ms | Allocations: 1690)
  Rendered layouts/_head.html.slim (Duration: 16.9ms | Allocations: 11594)
  Rendered layouts/_alerts.html.slim (Duration: 3.4ms | Allocations: 2238)
  Rendered layout layouts/application_layout.html.slim (Duration: 28.8ms | Allocations: 20467)
Completed 200 OK in 35ms (Views: 30.2ms | ActiveRecord: 0.2ms | Allocations: 22784)


Started GET "/" for ::1 at 2023-07-29 16:04:09 +0100
Processing by HomeController#index as HTML
  [1m[36mUser Load (0.2ms)[0m  [1m[34mSELECT "users".* FROM "users" WHERE "users"."id" = $1 ORDER BY "users"."id" ASC LIMIT $2[0m  [["id", 1], ["LIMIT", 1]]
  Rendering layout layouts/application_layout.html.slim
  Rendering home/index.html.slim within layouts/application_layout
  Rendered home/index.html.slim within layouts/application_layout (Duration: 2.7ms | Allocations: 1676)
  Rendered layouts/_head.html.slim (Duration: 18.1ms | Allocations: 11564)
  Rendered layouts/_alerts.html.slim (Duration: 6.1ms | Allocations: 2243)
  Rendered layout layouts/application_layout.html.slim (Duration: 32.4ms | Allocations: 20359)
Completed 200 OK in 38ms (Views: 33.7ms | ActiveRecord: 0.2ms | Allocations: 22675)


Started GET "/" for ::1 at 2023-07-29 16:04:41 +0100
Processing by HomeController#index as HTML
  [1m[36mUser Load (0.4ms)[0m  [1m[34mSELECT "users".* FROM "users" WHERE "users"."id" = $1 ORDER BY "users"."id" ASC LIMIT $2[0m  [["id", 1], ["LIMIT", 1]]
  Rendering layout layouts/application_layout.html.slim
  Rendering home/index.html.slim within layouts/application_layout
  Rendered home/index.html.slim within layouts/application_layout (Duration: 2.8ms | Allocations: 1677)
  Rendered layouts/_head.html.slim (Duration: 13.7ms | Allocations: 11582)
  Rendered layouts/_alerts.html.slim (Duration: 2.9ms | Allocations: 2238)
  Rendered layout layouts/application_layout.html.slim (Duration: 24.7ms | Allocations: 20668)
Completed 200 OK in 37ms (Views: 27.0ms | ActiveRecord: 0.4ms | Allocations: 22982)


Started GET "/" for ::1 at 2023-07-29 16:05:04 +0100
Processing by HomeController#index as HTML
  [1m[36mUser Load (0.2ms)[0m  [1m[34mSELECT "users".* FROM "users" WHERE "users"."id" = $1 ORDER BY "users"."id" ASC LIMIT $2[0m  [["id", 1], ["LIMIT", 1]]
  Rendering layout layouts/application_layout.html.slim
  Rendering home/index.html.slim within layouts/application_layout
  Rendered home/index.html.slim within layouts/application_layout (Duration: 2.7ms | Allocations: 1676)
  Rendered layouts/_head.html.slim (Duration: 15.3ms | Allocations: 11564)
  Rendered layouts/_alerts.html.slim (Duration: 3.9ms | Allocations: 2238)
  Rendered layout layouts/application_layout.html.slim (Duration: 27.3ms | Allocations: 20451)
Completed 200 OK in 32ms (Views: 28.7ms | ActiveRecord: 0.2ms | Allocations: 22783)


Started GET "/" for ::1 at 2023-07-29 16:05:19 +0100
Processing by HomeController#index as HTML
  [1m[36mUser Load (0.4ms)[0m  [1m[34mSELECT "users".* FROM "users" WHERE "users"."id" = $1 ORDER BY "users"."id" ASC LIMIT $2[0m  [["id", 1], ["LIMIT", 1]]
  Rendering layout layouts/application_layout.html.slim
  Rendering home/index.html.slim within layouts/application_layout
  Rendered home/index.html.slim within layouts/application_layout (Duration: 2.7ms | Allocations: 1676)
  Rendered layouts/_head.html.slim (Duration: 19.1ms | Allocations: 11588)
  Rendered layouts/_alerts.html.slim (Duration: 3.8ms | Allocations: 2256)
  Rendered layout layouts/application_layout.html.slim (Duration: 30.6ms | Allocations: 20531)
Completed 200 OK in 36ms (Views: 31.9ms | ActiveRecord: 0.4ms | Allocations: 22864)


Started GET "/" for ::1 at 2023-07-29 16:05:39 +0100
Processing by HomeController#index as HTML
  [1m[36mUser Load (0.5ms)[0m  [1m[34mSELECT "users".* FROM "users" WHERE "users"."id" = $1 ORDER BY "users"."id" ASC LIMIT $2[0m  [["id", 1], ["LIMIT", 1]]
  Rendering layout layouts/application_layout.html.slim
  Rendering home/index.html.slim within layouts/application_layout
  Rendered home/index.html.slim within layouts/application_layout (Duration: 3.2ms | Allocations: 1688)
  Rendered layouts/_head.html.slim (Duration: 18.3ms | Allocations: 11592)
  Rendered layouts/_alerts.html.slim (Duration: 3.3ms | Allocations: 2238)
  Rendered layout layouts/application_layout.html.slim (Duration: 35.6ms | Allocations: 20534)
Completed 200 OK in 46ms (Views: 39.0ms | ActiveRecord: 0.5ms | Allocations: 22866)


Started GET "/" for ::1 at 2023-07-29 16:05:48 +0100
Processing by HomeController#index as HTML
  [1m[36mUser Load (0.2ms)[0m  [1m[34mSELECT "users".* FROM "users" WHERE "users"."id" = $1 ORDER BY "users"."id" ASC LIMIT $2[0m  [["id", 1], ["LIMIT", 1]]
  Rendering layout layouts/application_layout.html.slim
  Rendering home/index.html.slim within layouts/application_layout
  Rendered home/index.html.slim within layouts/application_layout (Duration: 4.5ms | Allocations: 1689)
  Rendered layouts/_head.html.slim (Duration: 14.7ms | Allocations: 11563)
  Rendered layouts/_alerts.html.slim (Duration: 3.2ms | Allocations: 2244)
  Rendered layout layouts/application_layout.html.slim (Duration: 29.2ms | Allocations: 20469)
Completed 200 OK in 36ms (Views: 30.7ms | ActiveRecord: 0.2ms | Allocations: 22785)


Started GET "/" for ::1 at 2023-07-29 16:06:13 +0100
Processing by HomeController#index as HTML
  [1m[36mUser Load (0.2ms)[0m  [1m[34mSELECT "users".* FROM "users" WHERE "users"."id" = $1 ORDER BY "users"."id" ASC LIMIT $2[0m  [["id", 1], ["LIMIT", 1]]
  Rendering layout layouts/application_layout.html.slim
  Rendering home/index.html.slim within layouts/application_layout
  Rendered home/index.html.slim within layouts/application_layout (Duration: 3.7ms | Allocations: 1676)
  Rendered layouts/_head.html.slim (Duration: 23.5ms | Allocations: 12874)
  Rendered layouts/_alerts.html.slim (Duration: 3.4ms | Allocations: 2238)
  Rendered layout layouts/application_layout.html.slim (Duration: 38.2ms | Allocations: 21762)
Completed 200 OK in 45ms (Views: 40.3ms | ActiveRecord: 0.2ms | Allocations: 24085)


Started GET "/" for ::1 at 2023-07-29 16:08:12 +0100
Processing by HomeController#index as HTML
  [1m[36mUser Load (1.3ms)[0m  [1m[34mSELECT "users".* FROM "users" WHERE "users"."id" = $1 ORDER BY "users"."id" ASC LIMIT $2[0m  [["id", 1], ["LIMIT", 1]]
  Rendering layout layouts/application_layout.html.slim
  Rendering home/index.html.slim within layouts/application_layout
  Rendered home/index.html.slim within layouts/application_layout (Duration: 4.1ms | Allocations: 1676)
  Rendered layouts/_head.html.slim (Duration: 23.2ms | Allocations: 11563)
  Rendered layouts/_alerts.html.slim (Duration: 3.7ms | Allocations: 2238)
  Rendered layout layouts/application_layout.html.slim (Duration: 38.3ms | Allocations: 20453)
Completed 200 OK in 64ms (Views: 40.5ms | ActiveRecord: 1.3ms | Allocations: 22754)


Started GET "/" for ::1 at 2023-07-29 16:08:40 +0100
Processing by HomeController#index as HTML
  [1m[36mUser Load (0.2ms)[0m  [1m[34mSELECT "users".* FROM "users" WHERE "users"."id" = $1 ORDER BY "users"."id" ASC LIMIT $2[0m  [["id", 1], ["LIMIT", 1]]
  Rendering layout layouts/application_layout.html.slim
  Rendering home/index.html.slim within layouts/application_layout
  Rendered home/index.html.slim within layouts/application_layout (Duration: 2.7ms | Allocations: 1685)
  Rendered layouts/_head.html.slim (Duration: 16.1ms | Allocations: 11611)
  Rendered layouts/_alerts.html.slim (Duration: 3.0ms | Allocations: 2254)
  Rendered layout layouts/application_layout.html.slim (Duration: 31.5ms | Allocations: 20534)
Completed 200 OK in 38ms (Views: 33.0ms | ActiveRecord: 0.2ms | Allocations: 22841)


Started GET "/" for ::1 at 2023-07-29 16:08:53 +0100
Processing by HomeController#index as HTML
  [1m[36mUser Load (0.6ms)[0m  [1m[34mSELECT "users".* FROM "users" WHERE "users"."id" = $1 ORDER BY "users"."id" ASC LIMIT $2[0m  [["id", 1], ["LIMIT", 1]]
  Rendering layout layouts/application_layout.html.slim
  Rendering home/index.html.slim within layouts/application_layout
  Rendered home/index.html.slim within layouts/application_layout (Duration: 8.5ms | Allocations: 1676)
  Rendered layouts/_head.html.slim (Duration: 17.4ms | Allocations: 11592)
  Rendered layouts/_alerts.html.slim (Duration: 7.0ms | Allocations: 2251)
  Rendered layout layouts/application_layout.html.slim (Duration: 43.3ms | Allocations: 20537)
Completed 200 OK in 56ms (Views: 48.7ms | ActiveRecord: 0.6ms | Allocations: 22872)


Started GET "/" for ::1 at 2023-07-29 16:09:29 +0100
Processing by HomeController#index as HTML
  [1m[36mUser Load (0.2ms)[0m  [1m[34mSELECT "users".* FROM "users" WHERE "users"."id" = $1 ORDER BY "users"."id" ASC LIMIT $2[0m  [["id", 1], ["LIMIT", 1]]
  Rendering layout layouts/application_layout.html.slim
  Rendering home/index.html.slim within layouts/application_layout
  Rendered home/index.html.slim within layouts/application_layout (Duration: 2.8ms | Allocations: 1676)
  Rendered layouts/_head.html.slim (Duration: 14.8ms | Allocations: 11564)
  Rendered layouts/_alerts.html.slim (Duration: 3.3ms | Allocations: 2238)
  Rendered layout layouts/application_layout.html.slim (Duration: 29.0ms | Allocations: 20497)
Completed 200 OK in 34ms (Views: 30.5ms | ActiveRecord: 0.2ms | Allocations: 22816)


Started GET "/" for ::1 at 2023-07-29 16:09:38 +0100
Processing by HomeController#index as HTML
  [1m[36mUser Load (0.4ms)[0m  [1m[34mSELECT "users".* FROM "users" WHERE "users"."id" = $1 ORDER BY "users"."id" ASC LIMIT $2[0m  [["id", 1], ["LIMIT", 1]]
  Rendering layout layouts/application_layout.html.slim
  Rendering home/index.html.slim within layouts/application_layout
  Rendered home/index.html.slim within layouts/application_layout (Duration: 3.1ms | Allocations: 1676)
  Rendered layouts/_head.html.slim (Duration: 14.1ms | Allocations: 11582)
  Rendered layouts/_alerts.html.slim (Duration: 4.4ms | Allocations: 2238)
  Rendered layout layouts/application_layout.html.slim (Duration: 28.6ms | Allocations: 20511)
Completed 200 OK in 34ms (Views: 30.4ms | ActiveRecord: 0.4ms | Allocations: 22827)


Started GET "/" for ::1 at 2023-07-29 16:09:57 +0100
Processing by HomeController#index as HTML
  [1m[36mUser Load (0.5ms)[0m  [1m[34mSELECT "users".* FROM "users" WHERE "users"."id" = $1 ORDER BY "users"."id" ASC LIMIT $2[0m  [["id", 1], ["LIMIT", 1]]
  Rendering layout layouts/application_layout.html.slim
  Rendering home/index.html.slim within layouts/application_layout
  Rendered home/index.html.slim within layouts/application_layout (Duration: 2.8ms | Allocations: 1676)
  Rendered layouts/_head.html.slim (Duration: 30.9ms | Allocations: 12874)
  Rendered layouts/_alerts.html.slim (Duration: 8.1ms | Allocations: 2256)
  Rendered layout layouts/application_layout.html.slim (Duration: 48.6ms | Allocations: 21820)
Completed 200 OK in 62ms (Views: 51.0ms | ActiveRecord: 0.5ms | Allocations: 24125)


Started GET "/" for ::1 at 2023-07-29 16:10:22 +0100
Processing by HomeController#index as HTML
  [1m[36mUser Load (0.2ms)[0m  [1m[34mSELECT "users".* FROM "users" WHERE "users"."id" = $1 ORDER BY "users"."id" ASC LIMIT $2[0m  [["id", 1], ["LIMIT", 1]]
  Rendering layout layouts/application_layout.html.slim
  Rendering home/index.html.slim within layouts/application_layout
  Rendered home/index.html.slim within layouts/application_layout (Duration: 2.7ms | Allocations: 1676)
  Rendered layouts/_head.html.slim (Duration: 24.6ms | Allocations: 12901)
  Rendered layouts/_alerts.html.slim (Duration: 3.2ms | Allocations: 2238)
  Rendered layout layouts/application_layout.html.slim (Duration: 37.0ms | Allocations: 21835)
Completed 200 OK in 44ms (Views: 39.2ms | ActiveRecord: 0.2ms | Allocations: 24169)


Started GET "/" for ::1 at 2023-07-29 16:10:26 +0100
Processing by HomeController#index as HTML
  [1m[36mUser Load (0.2ms)[0m  [1m[34mSELECT "users".* FROM "users" WHERE "users"."id" = $1 ORDER BY "users"."id" ASC LIMIT $2[0m  [["id", 1], ["LIMIT", 1]]
  Rendering layout layouts/application_layout.html.slim
  Rendering home/index.html.slim within layouts/application_layout
  Rendered home/index.html.slim within layouts/application_layout (Duration: 2.8ms | Allocations: 1678)
  Rendered layouts/_head.html.slim (Duration: 22.7ms | Allocations: 12894)
  Rendered layouts/_alerts.html.slim (Duration: 3.7ms | Allocations: 2244)
  Rendered layout layouts/application_layout.html.slim (Duration: 34.7ms | Allocations: 21842)
Completed 200 OK in 41ms (Views: 36.9ms | ActiveRecord: 0.2ms | Allocations: 24156)


Started GET "/" for ::1 at 2023-07-29 16:11:01 +0100
Processing by HomeController#index as HTML
  [1m[36mUser Load (0.3ms)[0m  [1m[34mSELECT "users".* FROM "users" WHERE "users"."id" = $1 ORDER BY "users"."id" ASC LIMIT $2[0m  [["id", 1], ["LIMIT", 1]]
  Rendering layout layouts/application_layout.html.slim
  Rendering home/index.html.slim within layouts/application_layout
  Rendered home/index.html.slim within layouts/application_layout (Duration: 4.6ms | Allocations: 1676)
  Rendered layouts/_head.html.slim (Duration: 24.5ms | Allocations: 12876)
  Rendered layouts/_alerts.html.slim (Duration: 4.1ms | Allocations: 2238)
  Rendered layout layouts/application_layout.html.slim (Duration: 39.9ms | Allocations: 21843)
Completed 200 OK in 48ms (Views: 43.2ms | ActiveRecord: 0.3ms | Allocations: 24154)


Started GET "/" for ::1 at 2023-07-29 16:11:10 +0100
Processing by HomeController#index as HTML
  [1m[36mUser Load (1.1ms)[0m  [1m[34mSELECT "users".* FROM "users" WHERE "users"."id" = $1 ORDER BY "users"."id" ASC LIMIT $2[0m  [["id", 1], ["LIMIT", 1]]
  Rendering layout layouts/application_layout.html.slim
  Rendering home/index.html.slim within layouts/application_layout
  Rendered home/index.html.slim within layouts/application_layout (Duration: 3.7ms | Allocations: 1676)
  Rendered layouts/_head.html.slim (Duration: 34.6ms | Allocations: 11585)
  Rendered layouts/_alerts.html.slim (Duration: 4.9ms | Allocations: 2256)
  Rendered layout layouts/application_layout.html.slim (Duration: 51.5ms | Allocations: 20614)
Completed 200 OK in 66ms (Views: 54.2ms | ActiveRecord: 1.1ms | Allocations: 22936)


Started GET "/" for ::1 at 2023-08-01 15:51:52 +0100
  [1m[36mActiveRecord::SchemaMigration Pluck (1.3ms)[0m  [1m[34mSELECT "schema_migrations"."version" FROM "schema_migrations" ORDER BY "schema_migrations"."version" ASC[0m
Processing by HomeController#index as HTML
  [1m[36mUser Load (7.2ms)[0m  [1m[34mSELECT "users".* FROM "users" WHERE "users"."id" = $1 ORDER BY "users"."id" ASC LIMIT $2[0m  [["id", 1], ["LIMIT", 1]]
  Rendering layout layouts/application_layout.html.slim
  Rendering home/index.html.slim within layouts/application_layout
  Rendered home/index.html.slim within layouts/application_layout (Duration: 19.6ms | Allocations: 10122)
  Rendered layouts/_head.html.slim (Duration: 376.8ms | Allocations: 66202)
  Rendered layouts/_alerts.html.slim (Duration: 9.0ms | Allocations: 2265)
  Rendered layout layouts/application_layout.html.slim (Duration: 432.7ms | Allocations: 83950)
Completed 200 OK in 518ms (Views: 437.6ms | ActiveRecord: 21.0ms | Allocations: 98379)


Started GET "/" for ::1 at 2023-08-01 15:56:30 +0100
Processing by HomeController#index as HTML
  [1m[36mUser Load (0.4ms)[0m  [1m[34mSELECT "users".* FROM "users" WHERE "users"."id" = $1 ORDER BY "users"."id" ASC LIMIT $2[0m  [["id", 1], ["LIMIT", 1]]
  Rendering layout layouts/application_layout.html.slim
  Rendering home/index.html.slim within layouts/application_layout
  Rendered home/index.html.slim within layouts/application_layout (Duration: 2.9ms | Allocations: 1690)
  Rendered layouts/_head.html.slim (Duration: 34.8ms | Allocations: 12908)
  Rendered layouts/_alerts.html.slim (Duration: 4.7ms | Allocations: 2252)
  Rendered layout layouts/application_layout.html.slim (Duration: 47.9ms | Allocations: 21947)
Completed 200 OK in 54ms (Views: 49.5ms | ActiveRecord: 0.4ms | Allocations: 24270)


Started GET "/" for ::1 at 2023-08-01 15:56:32 +0100
Processing by HomeController#index as HTML
  [1m[36mUser Load (0.3ms)[0m  [1m[34mSELECT "users".* FROM "users" WHERE "users"."id" = $1 ORDER BY "users"."id" ASC LIMIT $2[0m  [["id", 1], ["LIMIT", 1]]
  Rendering layout layouts/application_layout.html.slim
  Rendering home/index.html.slim within layouts/application_layout
  Rendered home/index.html.slim within layouts/application_layout (Duration: 0.0ms | Allocations: 7)
  Rendered layouts/_head.html.slim (Duration: 9.4ms | Allocations: 7370)
  Rendered layouts/_alerts.html.slim (Duration: 0.1ms | Allocations: 24)
  Rendered layout layouts/application_layout.html.slim (Duration: 10.3ms | Allocations: 7600)
Completed 200 OK in 14ms (Views: 10.8ms | ActiveRecord: 0.3ms | Allocations: 9338)


Started GET "/" for ::1 at 2023-08-01 15:58:35 +0100
Processing by HomeController#index as HTML
  [1m[36mUser Load (0.3ms)[0m  [1m[34mSELECT "users".* FROM "users" WHERE "users"."id" = $1 ORDER BY "users"."id" ASC LIMIT $2[0m  [["id", 1], ["LIMIT", 1]]
  Rendering layout layouts/application_layout.html.slim
  Rendering home/index.html.slim within layouts/application_layout
  Rendered home/index.html.slim within layouts/application_layout (Duration: 0.0ms | Allocations: 7)
  Rendered layouts/_head.html.slim (Duration: 23.1ms | Allocations: 8581)
  Rendered layouts/_alerts.html.slim (Duration: 0.1ms | Allocations: 24)
  Rendered layout layouts/application_layout.html.slim (Duration: 23.8ms | Allocations: 8811)
Completed 200 OK in 28ms (Views: 24.2ms | ActiveRecord: 0.3ms | Allocations: 10368)


Started GET "/" for ::1 at 2023-08-01 15:58:52 +0100
Processing by HomeController#index as HTML
  [1m[36mUser Load (0.3ms)[0m  [1m[34mSELECT "users".* FROM "users" WHERE "users"."id" = $1 ORDER BY "users"."id" ASC LIMIT $2[0m  [["id", 1], ["LIMIT", 1]]
  Rendering layout layouts/application_layout.html.slim
  Rendering home/index.html.slim within layouts/application_layout
  Rendered home/index.html.slim within layouts/application_layout (Duration: 3.1ms | Allocations: 1676)
  Rendered layouts/_head.html.slim (Duration: 16.7ms | Allocations: 11596)
  Rendered layouts/_alerts.html.slim (Duration: 3.1ms | Allocations: 2238)
  Rendered layout layouts/application_layout.html.slim (Duration: 28.7ms | Allocations: 19845)
Completed 200 OK in 34ms (Views: 30.0ms | ActiveRecord: 0.3ms | Allocations: 21999)


Started GET "/" for ::1 at 2023-08-01 15:59:01 +0100
Processing by HomeController#index as HTML
  [1m[36mUser Load (0.3ms)[0m  [1m[34mSELECT "users".* FROM "users" WHERE "users"."id" = $1 ORDER BY "users"."id" ASC LIMIT $2[0m  [["id", 1], ["LIMIT", 1]]
  Rendering layout layouts/application_layout.html.slim
  Rendering home/index.html.slim within layouts/application_layout
  Rendered home/index.html.slim within layouts/application_layout (Duration: 2.1ms | Allocations: 1676)
  Rendered layouts/_head.html.slim (Duration: 18.0ms | Allocations: 11559)
  Rendered layouts/_alerts.html.slim (Duration: 3.5ms | Allocations: 2238)
  Rendered layout layouts/application_layout.html.slim (Duration: 28.7ms | Allocations: 19801)
Completed 200 OK in 34ms (Views: 30.1ms | ActiveRecord: 0.3ms | Allocations: 22120)


Started GET "/" for ::1 at 2023-08-01 15:59:05 +0100
Processing by HomeController#index as HTML
  [1m[36mUser Load (0.9ms)[0m  [1m[34mSELECT "users".* FROM "users" WHERE "users"."id" = $1 ORDER BY "users"."id" ASC LIMIT $2[0m  [["id", 1], ["LIMIT", 1]]
  Rendering layout layouts/application_layout.html.slim
  Rendering home/index.html.slim within layouts/application_layout
  Rendered home/index.html.slim within layouts/application_layout (Duration: 5.5ms | Allocations: 1676)
  Rendered layouts/_head.html.slim (Duration: 22.5ms | Allocations: 12914)
  Rendered layouts/_alerts.html.slim (Duration: 2.9ms | Allocations: 2238)
  Rendered layout layouts/application_layout.html.slim (Duration: 42.2ms | Allocations: 21162)
Completed 200 OK in 53ms (Views: 44.1ms | ActiveRecord: 0.9ms | Allocations: 23482)


Started GET "/" for ::1 at 2023-08-01 15:59:09 +0100
Processing by HomeController#index as HTML
  [1m[36mUser Load (1.1ms)[0m  [1m[34mSELECT "users".* FROM "users" WHERE "users"."id" = $1 ORDER BY "users"."id" ASC LIMIT $2[0m  [["id", 1], ["LIMIT", 1]]
  Rendering layout layouts/application_layout.html.slim
  Rendering home/index.html.slim within layouts/application_layout
  Rendered home/index.html.slim within layouts/application_layout (Duration: 5.3ms | Allocations: 1690)
  Rendered layouts/_head.html.slim (Duration: 29.0ms | Allocations: 12904)
  Rendered layouts/_alerts.html.slim (Duration: 3.6ms | Allocations: 2241)
  Rendered layout layouts/application_layout.html.slim (Duration: 47.5ms | Allocations: 21170)
Completed 200 OK in 57ms (Views: 49.5ms | ActiveRecord: 1.1ms | Allocations: 23530)


Started GET "/" for ::1 at 2023-08-01 16:07:29 +0100
Processing by HomeController#index as HTML
  [1m[36mUser Load (0.5ms)[0m  [1m[34mSELECT "users".* FROM "users" WHERE "users"."id" = $1 ORDER BY "users"."id" ASC LIMIT $2[0m  [["id", 1], ["LIMIT", 1]]
  Rendering layout layouts/application_layout.html.slim
  Rendering home/index.html.slim within layouts/application_layout
  Rendered home/index.html.slim within layouts/application_layout (Duration: 2.6ms | Allocations: 1676)
  Rendered layouts/_head.html.slim (Duration: 36.5ms | Allocations: 12884)
  Rendered layouts/_alerts.html.slim (Duration: 4.4ms | Allocations: 2238)
  Rendered layout layouts/application_layout.html.slim (Duration: 48.6ms | Allocations: 21433)
Completed 200 OK in 75ms (Views: 49.9ms | ActiveRecord: 9.2ms | Allocations: 26654)


Started GET "/" for ::1 at 2023-08-01 16:07:37 +0100
Processing by HomeController#index as HTML
  [1m[36mUser Load (0.4ms)[0m  [1m[34mSELECT "users".* FROM "users" WHERE "users"."id" = $1 ORDER BY "users"."id" ASC LIMIT $2[0m  [["id", 1], ["LIMIT", 1]]
  Rendering layout layouts/application_layout.html.slim
  Rendering home/index.html.slim within layouts/application_layout
  Rendered home/index.html.slim within layouts/application_layout (Duration: 2.7ms | Allocations: 1676)
  Rendered layouts/_head.html.slim (Duration: 24.0ms | Allocations: 12898)
  Rendered layouts/_alerts.html.slim (Duration: 7.0ms | Allocations: 2238)
  Rendered layout layouts/application_layout.html.slim (Duration: 38.9ms | Allocations: 21452)
Completed 200 OK in 44ms (Views: 40.2ms | ActiveRecord: 0.4ms | Allocations: 23771)


Started GET "/" for ::1 at 2023-08-01 16:07:57 +0100
Processing by HomeController#index as HTML
  [1m[36mUser Load (0.3ms)[0m  [1m[34mSELECT "users".* FROM "users" WHERE "users"."id" = $1 ORDER BY "users"."id" ASC LIMIT $2[0m  [["id", 1], ["LIMIT", 1]]
  Rendering layout layouts/application_layout.html.slim
  Rendering home/index.html.slim within layouts/application_layout
  Rendered home/index.html.slim within layouts/application_layout (Duration: 2.5ms | Allocations: 1676)
  Rendered layouts/_head.html.slim (Duration: 16.4ms | Allocations: 11572)
  Rendered layouts/_alerts.html.slim (Duration: 3.1ms | Allocations: 2256)
  Rendered layout layouts/application_layout.html.slim (Duration: 27.2ms | Allocations: 19880)
Completed 200 OK in 33ms (Views: 28.4ms | ActiveRecord: 0.3ms | Allocations: 22211)


Started GET "/" for ::1 at 2023-08-01 16:08:07 +0100
Processing by HomeController#index as HTML
  [1m[36mUser Load (0.6ms)[0m  [1m[34mSELECT "users".* FROM "users" WHERE "users"."id" = $1 ORDER BY "users"."id" ASC LIMIT $2[0m  [["id", 1], ["LIMIT", 1]]
  Rendering layout layouts/application_layout.html.slim
  Rendering home/index.html.slim within layouts/application_layout
  Rendered home/index.html.slim within layouts/application_layout (Duration: 2.2ms | Allocations: 1676)
  Rendered layouts/_head.html.slim (Duration: 15.0ms | Allocations: 11614)
  Rendered layouts/_alerts.html.slim (Duration: 4.4ms | Allocations: 2256)
  Rendered layout layouts/application_layout.html.slim (Duration: 28.0ms | Allocations: 19890)
Completed 200 OK in 34ms (Views: 29.2ms | ActiveRecord: 0.6ms | Allocations: 22191)


Started GET "/" for ::1 at 2023-08-01 16:08:15 +0100
Processing by HomeController#index as HTML
  [1m[36mUser Load (0.3ms)[0m  [1m[34mSELECT "users".* FROM "users" WHERE "users"."id" = $1 ORDER BY "users"."id" ASC LIMIT $2[0m  [["id", 1], ["LIMIT", 1]]
  Rendering layout layouts/application_layout.html.slim
  Rendering home/index.html.slim within layouts/application_layout
  Rendered home/index.html.slim within layouts/application_layout (Duration: 2.9ms | Allocations: 1676)
  Rendered layouts/_head.html.slim (Duration: 17.2ms | Allocations: 11603)
  Rendered layouts/_alerts.html.slim (Duration: 3.5ms | Allocations: 2251)
  Rendered layout layouts/application_layout.html.slim (Duration: 35.1ms | Allocations: 19907)
Completed 200 OK in 43ms (Views: 38.6ms | ActiveRecord: 0.3ms | Allocations: 22242)


Started GET "/" for ::1 at 2023-08-01 16:08:42 +0100
Processing by HomeController#index as HTML
  [1m[36mUser Load (1.1ms)[0m  [1m[34mSELECT "users".* FROM "users" WHERE "users"."id" = $1 ORDER BY "users"."id" ASC LIMIT $2[0m  [["id", 1], ["LIMIT", 1]]
  Rendering layout layouts/application_layout.html.slim
  Rendering home/index.html.slim within layouts/application_layout
  Rendered home/index.html.slim within layouts/application_layout (Duration: 4.2ms | Allocations: 1676)
  Rendered layouts/_head.html.slim (Duration: 20.9ms | Allocations: 11579)
  Rendered layouts/_alerts.html.slim (Duration: 3.8ms | Allocations: 2238)
  Rendered layout layouts/application_layout.html.slim (Duration: 37.9ms | Allocations: 19869)
Completed 200 OK in 47ms (Views: 40.5ms | ActiveRecord: 1.1ms | Allocations: 22180)


Started GET "/" for ::1 at 2023-08-01 16:08:54 +0100
Processing by HomeController#index as HTML
  [1m[36mUser Load (0.3ms)[0m  [1m[34mSELECT "users".* FROM "users" WHERE "users"."id" = $1 ORDER BY "users"."id" ASC LIMIT $2[0m  [["id", 1], ["LIMIT", 1]]
  Rendering layout layouts/application_layout.html.slim
  Rendering home/index.html.slim within layouts/application_layout
  Rendered home/index.html.slim within layouts/application_layout (Duration: 3.0ms | Allocations: 1676)
  Rendered layouts/_head.html.slim (Duration: 22.5ms | Allocations: 11565)
  Rendered layouts/_alerts.html.slim (Duration: 6.3ms | Allocations: 2238)
  Rendered layout layouts/application_layout.html.slim (Duration: 40.3ms | Allocations: 19826)
Completed 200 OK in 48ms (Views: 43.6ms | ActiveRecord: 0.3ms | Allocations: 22148)


Started GET "/" for ::1 at 2023-08-01 16:09:01 +0100
Processing by HomeController#index as HTML
  [1m[36mUser Load (0.2ms)[0m  [1m[34mSELECT "users".* FROM "users" WHERE "users"."id" = $1 ORDER BY "users"."id" ASC LIMIT $2[0m  [["id", 1], ["LIMIT", 1]]
  Rendering layout layouts/application_layout.html.slim
  Rendering home/index.html.slim within layouts/application_layout
  Rendered home/index.html.slim within layouts/application_layout (Duration: 2.7ms | Allocations: 1676)
  Rendered layouts/_head.html.slim (Duration: 13.0ms | Allocations: 11572)
  Rendered layouts/_alerts.html.slim (Duration: 2.9ms | Allocations: 2256)
  Rendered layout layouts/application_layout.html.slim (Duration: 23.1ms | Allocations: 19879)
Completed 200 OK in 28ms (Views: 24.3ms | ActiveRecord: 0.2ms | Allocations: 22189)


Started GET "/" for ::1 at 2023-08-01 16:09:02 +0100
Processing by HomeController#index as HTML
  [1m[36mUser Load (0.2ms)[0m  [1m[34mSELECT "users".* FROM "users" WHERE "users"."id" = $1 ORDER BY "users"."id" ASC LIMIT $2[0m  [["id", 1], ["LIMIT", 1]]
  Rendering layout layouts/application_layout.html.slim
  Rendering home/index.html.slim within layouts/application_layout
  Rendered home/index.html.slim within layouts/application_layout (Duration: 0.0ms | Allocations: 7)
  Rendered layouts/_head.html.slim (Duration: 9.2ms | Allocations: 7378)
  Rendered layouts/_alerts.html.slim (Duration: 0.1ms | Allocations: 24)
  Rendered layout layouts/application_layout.html.slim (Duration: 9.8ms | Allocations: 7607)
Completed 200 OK in 14ms (Views: 10.2ms | ActiveRecord: 0.2ms | Allocations: 9345)


Started GET "/" for ::1 at 2023-08-01 16:09:45 +0100
Processing by HomeController#index as HTML
  [1m[36mUser Load (0.2ms)[0m  [1m[34mSELECT "users".* FROM "users" WHERE "users"."id" = $1 ORDER BY "users"."id" ASC LIMIT $2[0m  [["id", 1], ["LIMIT", 1]]
  Rendering layout layouts/application_layout.html.slim
  Rendering home/index.html.slim within layouts/application_layout
  Rendered home/index.html.slim within layouts/application_layout (Duration: 2.7ms | Allocations: 1676)
  Rendered layouts/_head.html.slim (Duration: 21.8ms | Allocations: 12931)
  Rendered layouts/_alerts.html.slim (Duration: 2.8ms | Allocations: 2239)
  Rendered layout layouts/application_layout.html.slim (Duration: 32.6ms | Allocations: 21222)
Completed 200 OK in 38ms (Views: 33.9ms | ActiveRecord: 0.2ms | Allocations: 23332)


Started GET "/" for ::1 at 2023-08-01 16:09:47 +0100
Processing by HomeController#index as HTML
  [1m[36mUser Load (0.2ms)[0m  [1m[34mSELECT "users".* FROM "users" WHERE "users"."id" = $1 ORDER BY "users"."id" ASC LIMIT $2[0m  [["id", 1], ["LIMIT", 1]]
  Rendering layout layouts/application_layout.html.slim
  Rendering home/index.html.slim within layouts/application_layout
  Rendered home/index.html.slim within layouts/application_layout (Duration: 0.0ms | Allocations: 7)
  Rendered layouts/_head.html.slim (Duration: 9.3ms | Allocations: 7379)
  Rendered layouts/_alerts.html.slim (Duration: 0.1ms | Allocations: 24)
  Rendered layout layouts/application_layout.html.slim (Duration: 9.9ms | Allocations: 7608)
Completed 200 OK in 14ms (Views: 10.5ms | ActiveRecord: 0.2ms | Allocations: 9319)


Started GET "/" for ::1 at 2023-08-01 16:10:17 +0100
Processing by HomeController#index as HTML
  [1m[36mUser Load (0.2ms)[0m  [1m[34mSELECT "users".* FROM "users" WHERE "users"."id" = $1 ORDER BY "users"."id" ASC LIMIT $2[0m  [["id", 1], ["LIMIT", 1]]
  Rendering layout layouts/application_layout.html.slim
  Rendering home/index.html.slim within layouts/application_layout
  Rendered home/index.html.slim within layouts/application_layout (Duration: 2.8ms | Allocations: 1688)
  Rendered layouts/_head.html.slim (Duration: 23.0ms | Allocations: 11579)
  Rendered layouts/_alerts.html.slim (Duration: 3.2ms | Allocations: 2238)
  Rendered layout layouts/application_layout.html.slim (Duration: 34.6ms | Allocations: 19880)
Completed 200 OK in 39ms (Views: 36.0ms | ActiveRecord: 0.2ms | Allocations: 22017)


Started GET "/" for ::1 at 2023-08-01 16:10:18 +0100
Processing by HomeController#index as HTML
  [1m[36mUser Load (0.3ms)[0m  [1m[34mSELECT "users".* FROM "users" WHERE "users"."id" = $1 ORDER BY "users"."id" ASC LIMIT $2[0m  [["id", 1], ["LIMIT", 1]]
  Rendering layout layouts/application_layout.html.slim
  Rendering home/index.html.slim within layouts/application_layout
  Rendered home/index.html.slim within layouts/application_layout (Duration: 0.0ms | Allocations: 7)
  Rendered layouts/_head.html.slim (Duration: 10.2ms | Allocations: 7386)
  Rendered layouts/_alerts.html.slim (Duration: 0.1ms | Allocations: 24)
  Rendered layout layouts/application_layout.html.slim (Duration: 11.0ms | Allocations: 7615)
Completed 200 OK in 24ms (Views: 11.4ms | ActiveRecord: 0.3ms | Allocations: 9344)


Started GET "/" for ::1 at 2023-08-01 16:10:23 +0100
Processing by HomeController#index as HTML
  [1m[36mUser Load (1.1ms)[0m  [1m[34mSELECT "users".* FROM "users" WHERE "users"."id" = $1 ORDER BY "users"."id" ASC LIMIT $2[0m  [["id", 1], ["LIMIT", 1]]
  Rendering layout layouts/application_layout.html.slim
  Rendering home/index.html.slim within layouts/application_layout
  Rendered home/index.html.slim within layouts/application_layout (Duration: 4.2ms | Allocations: 1676)
  Rendered layouts/_head.html.slim (Duration: 13.0ms | Allocations: 11577)
  Rendered layouts/_alerts.html.slim (Duration: 7.2ms | Allocations: 2243)
  Rendered layout layouts/application_layout.html.slim (Duration: 31.3ms | Allocations: 19874)
Completed 200 OK in 64ms (Views: 33.0ms | ActiveRecord: 1.1ms | Allocations: 22005)


Started GET "/" for ::1 at 2023-08-01 16:10:37 +0100
Processing by HomeController#index as HTML
  [1m[36mUser Load (0.2ms)[0m  [1m[34mSELECT "users".* FROM "users" WHERE "users"."id" = $1 ORDER BY "users"."id" ASC LIMIT $2[0m  [["id", 1], ["LIMIT", 1]]
  Rendering layout layouts/application_layout.html.slim
  Rendering home/index.html.slim within layouts/application_layout
  Rendered home/index.html.slim within layouts/application_layout (Duration: 2.8ms | Allocations: 1690)
  Rendered layouts/_head.html.slim (Duration: 13.3ms | Allocations: 11583)
  Rendered layouts/_alerts.html.slim (Duration: 3.3ms | Allocations: 2238)
  Rendered layout layouts/application_layout.html.slim (Duration: 24.6ms | Allocations: 19944)
Completed 200 OK in 30ms (Views: 26.1ms | ActiveRecord: 0.2ms | Allocations: 22265)


Started GET "/" for ::1 at 2023-08-01 16:10:38 +0100
Processing by HomeController#index as HTML
  [1m[36mUser Load (0.2ms)[0m  [1m[34mSELECT "users".* FROM "users" WHERE "users"."id" = $1 ORDER BY "users"."id" ASC LIMIT $2[0m  [["id", 1], ["LIMIT", 1]]
  Rendering layout layouts/application_layout.html.slim
  Rendering home/index.html.slim within layouts/application_layout
  Rendered home/index.html.slim within layouts/application_layout (Duration: 0.0ms | Allocations: 7)
  Rendered layouts/_head.html.slim (Duration: 8.2ms | Allocations: 7402)
  Rendered layouts/_alerts.html.slim (Duration: 0.1ms | Allocations: 24)
  Rendered layout layouts/application_layout.html.slim (Duration: 8.8ms | Allocations: 7631)
Completed 200 OK in 13ms (Views: 9.2ms | ActiveRecord: 0.2ms | Allocations: 9340)


Started GET "/" for ::1 at 2023-08-01 16:10:47 +0100
Processing by HomeController#index as HTML
  [1m[36mUser Load (0.2ms)[0m  [1m[34mSELECT "users".* FROM "users" WHERE "users"."id" = $1 ORDER BY "users"."id" ASC LIMIT $2[0m  [["id", 1], ["LIMIT", 1]]
  Rendering layout layouts/application_layout.html.slim
  Rendering home/index.html.slim within layouts/application_layout
  Rendered home/index.html.slim within layouts/application_layout (Duration: 2.7ms | Allocations: 1689)
  Rendered layouts/_head.html.slim (Duration: 14.7ms | Allocations: 11607)
  Rendered layouts/_alerts.html.slim (Duration: 3.0ms | Allocations: 2239)
  Rendered layout layouts/application_layout.html.slim (Duration: 25.6ms | Allocations: 19935)
Completed 200 OK in 31ms (Views: 26.9ms | ActiveRecord: 0.2ms | Allocations: 22087)


Started GET "/" for ::1 at 2023-08-01 16:10:56 +0100
Processing by HomeController#index as HTML
  [1m[36mUser Load (0.2ms)[0m  [1m[34mSELECT "users".* FROM "users" WHERE "users"."id" = $1 ORDER BY "users"."id" ASC LIMIT $2[0m  [["id", 1], ["LIMIT", 1]]
  Rendering layout layouts/application_layout.html.slim
  Rendering home/index.html.slim within layouts/application_layout
  Rendered home/index.html.slim within layouts/application_layout (Duration: 2.5ms | Allocations: 1679)
  Rendered layouts/_head.html.slim (Duration: 13.8ms | Allocations: 11579)
  Rendered layouts/_alerts.html.slim (Duration: 3.1ms | Allocations: 2238)
  Rendered layout layouts/application_layout.html.slim (Duration: 24.5ms | Allocations: 19836)
Completed 200 OK in 30ms (Views: 26.2ms | ActiveRecord: 0.2ms | Allocations: 22159)


Started GET "/" for ::1 at 2023-08-01 16:11:06 +0100
Processing by HomeController#index as HTML
  [1m[36mUser Load (0.2ms)[0m  [1m[34mSELECT "users".* FROM "users" WHERE "users"."id" = $1 ORDER BY "users"."id" ASC LIMIT $2[0m  [["id", 1], ["LIMIT", 1]]
  Rendering layout layouts/application_layout.html.slim
  Rendering home/index.html.slim within layouts/application_layout
  Rendered home/index.html.slim within layouts/application_layout (Duration: 2.7ms | Allocations: 1676)
  Rendered layouts/_head.html.slim (Duration: 23.9ms | Allocations: 12857)
  Rendered layouts/_alerts.html.slim (Duration: 4.1ms | Allocations: 2242)
  Rendered layout layouts/application_layout.html.slim (Duration: 38.0ms | Allocations: 21148)
Completed 200 OK in 46ms (Views: 41.1ms | ActiveRecord: 0.2ms | Allocations: 23458)


Started GET "/" for ::1 at 2023-08-01 16:11:22 +0100
Processing by HomeController#index as HTML
  [1m[36mUser Load (0.3ms)[0m  [1m[34mSELECT "users".* FROM "users" WHERE "users"."id" = $1 ORDER BY "users"."id" ASC LIMIT $2[0m  [["id", 1], ["LIMIT", 1]]
  Rendering layout layouts/application_layout.html.slim
  Rendering home/index.html.slim within layouts/application_layout
  Rendered home/index.html.slim within layouts/application_layout (Duration: 4.1ms | Allocations: 1690)
  Rendered layouts/_head.html.slim (Duration: 22.2ms | Allocations: 12931)
  Rendered layouts/_alerts.html.slim (Duration: 3.8ms | Allocations: 2238)
  Rendered layout layouts/application_layout.html.slim (Duration: 44.3ms | Allocations: 21272)
Completed 200 OK in 92ms (Views: 55.0ms | ActiveRecord: 0.3ms | Allocations: 23584)


Started GET "/" for ::1 at 2023-08-01 16:11:29 +0100
Processing by HomeController#index as HTML
  [1m[36mUser Load (0.3ms)[0m  [1m[34mSELECT "users".* FROM "users" WHERE "users"."id" = $1 ORDER BY "users"."id" ASC LIMIT $2[0m  [["id", 1], ["LIMIT", 1]]
  Rendering layout layouts/application_layout.html.slim
  Rendering home/index.html.slim within layouts/application_layout
  Rendered home/index.html.slim within layouts/application_layout (Duration: 2.6ms | Allocations: 1677)
  Rendered layouts/_head.html.slim (Duration: 12.5ms | Allocations: 11594)
  Rendered layouts/_alerts.html.slim (Duration: 2.7ms | Allocations: 2255)
  Rendered layout layouts/application_layout.html.slim (Duration: 26.0ms | Allocations: 19987)
Completed 200 OK in 37ms (Views: 28.0ms | ActiveRecord: 0.3ms | Allocations: 22282)


Started GET "/" for ::1 at 2023-08-01 16:11:30 +0100
Processing by HomeController#index as HTML
  [1m[36mUser Load (0.2ms)[0m  [1m[34mSELECT "users".* FROM "users" WHERE "users"."id" = $1 ORDER BY "users"."id" ASC LIMIT $2[0m  [["id", 1], ["LIMIT", 1]]
  Rendering layout layouts/application_layout.html.slim
  Rendering home/index.html.slim within layouts/application_layout
  Rendered home/index.html.slim within layouts/application_layout (Duration: 0.1ms | Allocations: 7)
  Rendered layouts/_head.html.slim (Duration: 9.1ms | Allocations: 7411)
  Rendered layouts/_alerts.html.slim (Duration: 0.1ms | Allocations: 24)
  Rendered layout layouts/application_layout.html.slim (Duration: 12.3ms | Allocations: 7640)
Completed 200 OK in 18ms (Views: 14.0ms | ActiveRecord: 0.2ms | Allocations: 9372)


Started GET "/" for ::1 at 2023-08-01 16:11:36 +0100
Processing by HomeController#index as HTML
  [1m[36mUser Load (0.2ms)[0m  [1m[34mSELECT "users".* FROM "users" WHERE "users"."id" = $1 ORDER BY "users"."id" ASC LIMIT $2[0m  [["id", 1], ["LIMIT", 1]]
  Rendering layout layouts/application_layout.html.slim
  Rendering home/index.html.slim within layouts/application_layout
  Rendered home/index.html.slim within layouts/application_layout (Duration: 2.6ms | Allocations: 1676)
  Rendered layouts/_head.html.slim (Duration: 12.2ms | Allocations: 11570)
  Rendered layouts/_alerts.html.slim (Duration: 3.3ms | Allocations: 2238)
  Rendered layout layouts/application_layout.html.slim (Duration: 22.8ms | Allocations: 19901)
Completed 200 OK in 28ms (Views: 24.2ms | ActiveRecord: 0.2ms | Allocations: 22042)


Started GET "/" for ::1 at 2023-08-01 16:26:02 +0100
Processing by HomeController#index as HTML
  [1m[36mUser Load (0.7ms)[0m  [1m[34mSELECT "users".* FROM "users" WHERE "users"."id" = $1 ORDER BY "users"."id" ASC LIMIT $2[0m  [["id", 1], ["LIMIT", 1]]
  Rendering layout layouts/application_layout.html.slim
  Rendering home/index.html.slim within layouts/application_layout
  Rendered home/index.html.slim within layouts/application_layout (Duration: 2.6ms | Allocations: 1676)
  Rendered layouts/_head.html.slim (Duration: 20.5ms | Allocations: 11587)
  Rendered layouts/_alerts.html.slim (Duration: 3.6ms | Allocations: 2242)
  Rendered layout layouts/application_layout.html.slim (Duration: 32.4ms | Allocations: 19966)
Completed 200 OK in 63ms (Views: 33.7ms | ActiveRecord: 9.0ms | Allocations: 25170)


Started GET "/" for ::1 at 2023-08-01 16:26:56 +0100
Processing by HomeController#index as HTML
  [1m[36mUser Load (0.4ms)[0m  [1m[34mSELECT "users".* FROM "users" WHERE "users"."id" = $1 ORDER BY "users"."id" ASC LIMIT $2[0m  [["id", 1], ["LIMIT", 1]]
  Rendering layout layouts/application_layout.html.slim
  Rendering home/index.html.slim within layouts/application_layout
  Rendered home/index.html.slim within layouts/application_layout (Duration: 0.0ms | Allocations: 7)
  Rendered layouts/_head.html.slim (Duration: 12.3ms | Allocations: 7423)
  Rendered layouts/_alerts.html.slim (Duration: 0.1ms | Allocations: 24)
  Rendered layout layouts/application_layout.html.slim (Duration: 12.8ms | Allocations: 7652)
Completed 200 OK in 17ms (Views: 13.4ms | ActiveRecord: 0.4ms | Allocations: 9369)


Started GET "/" for ::1 at 2023-08-01 16:26:57 +0100
Processing by HomeController#index as HTML
  [1m[36mUser Load (0.4ms)[0m  [1m[34mSELECT "users".* FROM "users" WHERE "users"."id" = $1 ORDER BY "users"."id" ASC LIMIT $2[0m  [["id", 1], ["LIMIT", 1]]
  Rendering layout layouts/application_layout.html.slim
  Rendering home/index.html.slim within layouts/application_layout
  Rendered home/index.html.slim within layouts/application_layout (Duration: 0.0ms | Allocations: 7)
  Rendered layouts/_head.html.slim (Duration: 18.0ms | Allocations: 8724)
  Rendered layouts/_alerts.html.slim (Duration: 0.1ms | Allocations: 24)
  Rendered layout layouts/application_layout.html.slim (Duration: 18.6ms | Allocations: 8953)
Completed 200 OK in 23ms (Views: 19.0ms | ActiveRecord: 0.4ms | Allocations: 10507)


Started GET "/" for ::1 at 2023-08-01 16:28:49 +0100
Processing by HomeController#index as HTML
  [1m[36mUser Load (0.3ms)[0m  [1m[34mSELECT "users".* FROM "users" WHERE "users"."id" = $1 ORDER BY "users"."id" ASC LIMIT $2[0m  [["id", 1], ["LIMIT", 1]]
  Rendering layout layouts/application_layout.html.slim
  Rendering home/index.html.slim within layouts/application_layout
  Rendered home/index.html.slim within layouts/application_layout (Duration: 3.0ms | Allocations: 1690)
  Rendered layouts/_head.html.slim (Duration: 15.8ms | Allocations: 11594)
  Rendered layouts/_alerts.html.slim (Duration: 3.3ms | Allocations: 2255)
  Rendered layout layouts/application_layout.html.slim (Duration: 27.5ms | Allocations: 20060)
Completed 200 OK in 33ms (Views: 28.8ms | ActiveRecord: 0.3ms | Allocations: 22206)


Started GET "/" for ::1 at 2023-08-01 16:28:50 +0100
Processing by HomeController#index as HTML
  [1m[36mUser Load (0.3ms)[0m  [1m[34mSELECT "users".* FROM "users" WHERE "users"."id" = $1 ORDER BY "users"."id" ASC LIMIT $2[0m  [["id", 1], ["LIMIT", 1]]
  Rendering layout layouts/application_layout.html.slim
  Rendering home/index.html.slim within layouts/application_layout
  Rendered home/index.html.slim within layouts/application_layout (Duration: 0.0ms | Allocations: 7)
  Rendered layouts/_head.html.slim (Duration: 9.8ms | Allocations: 7415)
  Rendered layouts/_alerts.html.slim (Duration: 0.1ms | Allocations: 24)
  Rendered layout layouts/application_layout.html.slim (Duration: 10.4ms | Allocations: 7644)
Completed 200 OK in 14ms (Views: 10.8ms | ActiveRecord: 0.3ms | Allocations: 9379)


Started GET "/" for ::1 at 2023-08-01 16:28:51 +0100
Processing by HomeController#index as HTML
  [1m[36mUser Load (0.3ms)[0m  [1m[34mSELECT "users".* FROM "users" WHERE "users"."id" = $1 ORDER BY "users"."id" ASC LIMIT $2[0m  [["id", 1], ["LIMIT", 1]]
  Rendering layout layouts/application_layout.html.slim
  Rendering home/index.html.slim within layouts/application_layout
  Rendered home/index.html.slim within layouts/application_layout (Duration: 0.0ms | Allocations: 7)
  Rendered layouts/_head.html.slim (Duration: 12.1ms | Allocations: 7367)
  Rendered layouts/_alerts.html.slim (Duration: 0.1ms | Allocations: 24)
  Rendered layout layouts/application_layout.html.slim (Duration: 12.9ms | Allocations: 7596)
Completed 200 OK in 17ms (Views: 13.4ms | ActiveRecord: 0.3ms | Allocations: 9139)


Started GET "/" for ::1 at 2023-08-01 16:29:07 +0100
  [1m[36mActiveRecord::SchemaMigration Pluck (0.6ms)[0m  [1m[34mSELECT "schema_migrations"."version" FROM "schema_migrations" ORDER BY "schema_migrations"."version" ASC[0m
Processing by HomeController#index as HTML
  [1m[36mUser Load (0.5ms)[0m  [1m[34mSELECT "users".* FROM "users" WHERE "users"."id" = $1 ORDER BY "users"."id" ASC LIMIT $2[0m  [["id", 1], ["LIMIT", 1]]
  Rendering layout layouts/application_layout.html.slim
  Rendering home/index.html.slim within layouts/application_layout
  Rendered home/index.html.slim within layouts/application_layout (Duration: 12.6ms | Allocations: 10122)
  Rendered layouts/_head.html.slim (Duration: 355.4ms | Allocations: 68850)
  Rendered layouts/_alerts.html.slim (Duration: 9.6ms | Allocations: 2265)
  Rendered layout layouts/application_layout.html.slim (Duration: 385.5ms | Allocations: 86022)
Completed 200 OK in 448ms (Views: 390.8ms | ActiveRecord: 5.1ms | Allocations: 100442)


Started GET "/" for ::1 at 2023-08-01 16:29:09 +0100
Processing by HomeController#index as HTML
  [1m[36mUser Load (0.3ms)[0m  [1m[34mSELECT "users".* FROM "users" WHERE "users"."id" = $1 ORDER BY "users"."id" ASC LIMIT $2[0m  [["id", 1], ["LIMIT", 1]]
  Rendering layout layouts/application_layout.html.slim
  Rendering home/index.html.slim within layouts/application_layout
  Rendered home/index.html.slim within layouts/application_layout (Duration: 0.2ms | Allocations: 9)
  Rendered layouts/_head.html.slim (Duration: 10.3ms | Allocations: 7473)
  Rendered layouts/_alerts.html.slim (Duration: 0.1ms | Allocations: 30)
  Rendered layout layouts/application_layout.html.slim (Duration: 13.0ms | Allocations: 7720)
Completed 200 OK in 21ms (Views: 14.9ms | ActiveRecord: 0.3ms | Allocations: 9501)


Started GET "/" for ::1 at 2023-08-01 16:29:10 +0100
Processing by HomeController#index as HTML
  [1m[36mUser Load (0.3ms)[0m  [1m[34mSELECT "users".* FROM "users" WHERE "users"."id" = $1 ORDER BY "users"."id" ASC LIMIT $2[0m  [["id", 1], ["LIMIT", 1]]
  Rendering layout layouts/application_layout.html.slim
  Rendering home/index.html.slim within layouts/application_layout
  Rendered home/index.html.slim within layouts/application_layout (Duration: 0.0ms | Allocations: 7)
  Rendered layouts/_head.html.slim (Duration: 7.8ms | Allocations: 7369)
  Rendered layouts/_alerts.html.slim (Duration: 0.0ms | Allocations: 24)
  Rendered layout layouts/application_layout.html.slim (Duration: 8.2ms | Allocations: 7599)
Completed 200 OK in 12ms (Views: 8.6ms | ActiveRecord: 0.3ms | Allocations: 9147)


Started GET "/" for ::1 at 2023-08-01 16:29:38 +0100
Processing by HomeController#index as HTML
  [1m[36mUser Load (0.5ms)[0m  [1m[34mSELECT "users".* FROM "users" WHERE "users"."id" = $1 ORDER BY "users"."id" ASC LIMIT $2[0m  [["id", 1], ["LIMIT", 1]]
  Rendering layout layouts/application_layout.html.slim
  Rendering home/index.html.slim within layouts/application_layout
  Rendered home/index.html.slim within layouts/application_layout (Duration: 2.5ms | Allocations: 1689)
  Rendered layouts/_head.html.slim (Duration: 19.8ms | Allocations: 12864)
  Rendered layouts/_alerts.html.slim (Duration: 3.1ms | Allocations: 2238)
  Rendered layout layouts/application_layout.html.slim (Duration: 30.5ms | Allocations: 21313)
Completed 200 OK in 37ms (Views: 31.7ms | ActiveRecord: 0.5ms | Allocations: 23478)


Started GET "/" for ::1 at 2023-08-01 16:29:47 +0100
Processing by HomeController#index as HTML
  [1m[36mUser Load (0.3ms)[0m  [1m[34mSELECT "users".* FROM "users" WHERE "users"."id" = $1 ORDER BY "users"."id" ASC LIMIT $2[0m  [["id", 1], ["LIMIT", 1]]
  Rendering layout layouts/application_layout.html.slim
  Rendering home/index.html.slim within layouts/application_layout
  Rendered home/index.html.slim within layouts/application_layout (Duration: 2.8ms | Allocations: 1676)
  Rendered layouts/_head.html.slim (Duration: 21.4ms | Allocations: 12903)
  Rendered layouts/_alerts.html.slim (Duration: 3.4ms | Allocations: 2238)
  Rendered layout layouts/application_layout.html.slim (Duration: 32.6ms | Allocations: 21334)
Completed 200 OK in 38ms (Views: 34.1ms | ActiveRecord: 0.3ms | Allocations: 23648)


Started GET "/" for ::1 at 2023-08-01 16:29:51 +0100
Processing by HomeController#index as HTML
  [1m[36mUser Load (0.2ms)[0m  [1m[34mSELECT "users".* FROM "users" WHERE "users"."id" = $1 ORDER BY "users"."id" ASC LIMIT $2[0m  [["id", 1], ["LIMIT", 1]]
  Rendering layout layouts/application_layout.html.slim
  Rendering home/index.html.slim within layouts/application_layout
  Rendered home/index.html.slim within layouts/application_layout (Duration: 2.7ms | Allocations: 1676)
  Rendered layouts/_head.html.slim (Duration: 10.4ms | Allocations: 11560)
  Rendered layouts/_alerts.html.slim (Duration: 2.5ms | Allocations: 2238)
  Rendered layout layouts/application_layout.html.slim (Duration: 19.6ms | Allocations: 19989)
Completed 200 OK in 24ms (Views: 20.8ms | ActiveRecord: 0.2ms | Allocations: 22287)


